This is pdfTeX, Version 3.14159265-2.6-1.40.18 (TeX Live 2017/Debian) (preloaded format=latex 2018.5.16)  13 JUN 2018 08:22
entering extended mode
 restricted \write18 enabled.
 %&-line parsing enabled.
**DataK55.tex
(./DataK55.tex
LaTeX2e <2017-04-15>
Babel <3.12> and hyphenation patterns for 84 language(s) loaded.
(/usr/share/texlive/texmf-dist/tex/latex/base/article.cls
Document Class: article 2014/09/29 v1.4h Standard LaTeX document class
(/usr/share/texlive/texmf-dist/tex/latex/base/size12.clo
File: size12.clo 2014/09/29 v1.4h Standard LaTeX file (size option)
)
\c@part=\count79
\c@section=\count80
\c@subsection=\count81
\c@subsubsection=\count82
\c@paragraph=\count83
\c@subparagraph=\count84
\c@figure=\count85
\c@table=\count86
\abovecaptionskip=\skip41
\belowcaptionskip=\skip42
\bibindent=\dimen102
)
(/usr/share/texlive/texmf-dist/tex/latex/amsfonts/amsfonts.sty
Package: amsfonts 2013/01/14 v3.01 Basic AMSFonts support
\@emptytoks=\toks14
\symAMSa=\mathgroup4
\symAMSb=\mathgroup5
LaTeX Font Info:    Overwriting math alphabet `\mathfrak' in version `bold'
(Font)                  U/euf/m/n --> U/euf/b/n on input line 106.
)
(/usr/share/texlive/texmf-dist/tex/latex/amsmath/amsmath.sty
Package: amsmath 2016/11/05 v2.16a AMS math features
\@mathmargin=\skip43

For additional information on amsmath, use the `?' option.
(/usr/share/texlive/texmf-dist/tex/latex/amsmath/amstext.sty
Package: amstext 2000/06/29 v2.01 AMS text

(/usr/share/texlive/texmf-dist/tex/latex/amsmath/amsgen.sty
File: amsgen.sty 1999/11/30 v2.0 generic functions
\@emptytoks=\toks15
\ex@=\dimen103
))
(/usr/share/texlive/texmf-dist/tex/latex/amsmath/amsbsy.sty
Package: amsbsy 1999/11/29 v1.2d Bold Symbols
\pmbraise@=\dimen104
)
(/usr/share/texlive/texmf-dist/tex/latex/amsmath/amsopn.sty
Package: amsopn 2016/03/08 v2.02 operator names
)
\inf@bad=\count87
LaTeX Info: Redefining \frac on input line 213.
\uproot@=\count88
\leftroot@=\count89
LaTeX Info: Redefining \overline on input line 375.
\classnum@=\count90
\DOTSCASE@=\count91
LaTeX Info: Redefining \ldots on input line 472.
LaTeX Info: Redefining \dots on input line 475.
LaTeX Info: Redefining \cdots on input line 596.
\Mathstrutbox@=\box26
\strutbox@=\box27
\big@size=\dimen105
LaTeX Font Info:    Redeclaring font encoding OML on input line 712.
LaTeX Font Info:    Redeclaring font encoding OMS on input line 713.
\macc@depth=\count92
\c@MaxMatrixCols=\count93
\dotsspace@=\muskip10
\c@parentequation=\count94
\dspbrk@lvl=\count95
\tag@help=\toks16
\row@=\count96
\column@=\count97
\maxfields@=\count98
\andhelp@=\toks17
\eqnshift@=\dimen106
\alignsep@=\dimen107
\tagshift@=\dimen108
\tagwidth@=\dimen109
\totwidth@=\dimen110
\lineht@=\dimen111
\@envbody=\toks18
\multlinegap=\skip44
\multlinetaggap=\skip45
\mathdisplay@stack=\toks19
LaTeX Info: Redefining \[ on input line 2817.
LaTeX Info: Redefining \] on input line 2818.
)
(/usr/share/texlive/texmf-dist/tex/latex/base/latexsym.sty
Package: latexsym 1998/08/17 v2.2e Standard LaTeX package (lasy symbols)
\symlasy=\mathgroup6
LaTeX Font Info:    Overwriting symbol font `lasy' in version `bold'
(Font)                  U/lasy/m/n --> U/lasy/b/n on input line 52.
)
(/usr/share/texlive/texmf-dist/tex/latex/graphics/epsfig.sty
Package: epsfig 2017/06/25 v1.7b (e)psfig emulation (SPQR)

(/usr/share/texlive/texmf-dist/tex/latex/graphics/graphicx.sty
Package: graphicx 2017/06/01 v1.1a Enhanced LaTeX Graphics (DPC,SPQR)

(/usr/share/texlive/texmf-dist/tex/latex/graphics/keyval.sty
Package: keyval 2014/10/28 v1.15 key=value parser (DPC)
\KV@toks@=\toks20
)
(/usr/share/texlive/texmf-dist/tex/latex/graphics/graphics.sty
Package: graphics 2017/06/25 v1.2c Standard LaTeX Graphics (DPC,SPQR)

(/usr/share/texlive/texmf-dist/tex/latex/graphics/trig.sty
Package: trig 2016/01/03 v1.10 sin cos tan (DPC)
)
(/usr/share/texlive/texmf-dist/tex/latex/graphics-cfg/graphics.cfg
File: graphics.cfg 2016/06/04 v1.11 sample graphics configuration
)
Package graphics Info: Driver file: dvips.def on input line 99.

(/usr/share/texlive/texmf-dist/tex/latex/graphics-def/dvips.def
File: dvips.def 2017/06/20 v3.1d Graphics/color driver for dvips
))
\Gin@req@height=\dimen112
\Gin@req@width=\dimen113
)
\epsfxsize=\dimen114
\epsfysize=\dimen115
)
(/usr/share/texlive/texmf-dist/tex/generic/epsf/epsf.sty
This is `epsf.tex' v2.7.4 <14 February 2011>
\epsffilein=\read1
\epsfframemargin=\dimen116
\epsfframethickness=\dimen117
\epsfrsize=\dimen118
\epsftmp=\dimen119
\epsftsize=\dimen120
\epsfxsize=\dimen121
\epsfysize=\dimen122
\pspoints=\dimen123
) (/usr/share/texlive/texmf-dist/tex/latex/url/url.sty
\Urlmuskip=\muskip11
Package: url 2013/09/16  ver 3.4  Verb mode for urls, etc.
)
No file DataK55.aux.
\openout1 = `DataK55.aux'.

LaTeX Font Info:    Checking defaults for OML/cmm/m/it on input line 15.
LaTeX Font Info:    ... okay on input line 15.
LaTeX Font Info:    Checking defaults for T1/cmr/m/n on input line 15.
LaTeX Font Info:    ... okay on input line 15.
LaTeX Font Info:    Checking defaults for OT1/cmr/m/n on input line 15.
LaTeX Font Info:    ... okay on input line 15.
LaTeX Font Info:    Checking defaults for OMS/cmsy/m/n on input line 15.
LaTeX Font Info:    ... okay on input line 15.
LaTeX Font Info:    Checking defaults for OMX/cmex/m/n on input line 15.
LaTeX Font Info:    ... okay on input line 15.
LaTeX Font Info:    Checking defaults for U/cmr/m/n on input line 15.
LaTeX Font Info:    ... okay on input line 15.
\c@proposition=\count99
\c@theorem=\count100
\c@corollary=\count101
\c@lemma=\count102
\c@problem=\count103
\c@conjecture=\count104
\c@claim=\count105
\c@remark=\count106
\c@definition=\count107
LaTeX Font Info:    Try loading font information for U+msa on input line 34.
(/usr/share/texlive/texmf-dist/tex/latex/amsfonts/umsa.fd
File: umsa.fd 2013/01/14 v3.01 AMS symbols A
)
LaTeX Font Info:    Try loading font information for U+msb on input line 34.

(/usr/share/texlive/texmf-dist/tex/latex/amsfonts/umsb.fd
File: umsb.fd 2013/01/14 v3.01 AMS symbols B
)
LaTeX Font Info:    Try loading font information for U+lasy on input line 34.

(/usr/share/texlive/texmf-dist/tex/latex/base/ulasy.fd
File: ulasy.fd 1998/08/17 v2.2e LaTeX symbol font definitions
) [1

] [2]
Overfull \hbox (3.16333pt too wide) in paragraph at lines 161--170
 [] 
 []


Overfull \hbox (3.16333pt too wide) in paragraph at lines 173--182
 [] 
 []


Overfull \hbox (3.16333pt too wide) in paragraph at lines 185--194
 [] 
 []

[3]
Overfull \hbox (3.16333pt too wide) in paragraph at lines 197--206
 [] 
 []


Overfull \hbox (3.16333pt too wide) in paragraph at lines 221--230
 [] 
 []

[4]
Overfull \hbox (3.16333pt too wide) in paragraph at lines 269--278
 [] 
 []

[5]
Overfull \hbox (3.16333pt too wide) in paragraph at lines 329--338
 [] 
 []


Overfull \hbox (3.16333pt too wide) in paragraph at lines 341--350
 [] 
 []

[6]
Overfull \hbox (3.16333pt too wide) in paragraph at lines 353--362
 [] 
 []


Overfull \hbox (3.16333pt too wide) in paragraph at lines 365--374
 [] 
 []


Overfull \hbox (7.07996pt too wide) in paragraph at lines 377--386
 [] 
 []

[7]
Overfull \hbox (3.16333pt too wide) in paragraph at lines 413--422
 [] 
 []


Overfull \hbox (7.07996pt too wide) in paragraph at lines 437--446
 [] 
 []

[8]
Overfull \hbox (3.16333pt too wide) in paragraph at lines 461--470
 [] 
 []


Overfull \hbox (3.16333pt too wide) in paragraph at lines 473--482
 [] 
 []


Overfull \hbox (3.16333pt too wide) in paragraph at lines 485--494
 [] 
 []

[9]
Overfull \hbox (3.16333pt too wide) in paragraph at lines 509--518
 [] 
 []


Overfull \hbox (3.16333pt too wide) in paragraph at lines 521--530
 [] 
 []


Overfull \hbox (3.16333pt too wide) in paragraph at lines 533--542
 [] 
 []

[10] [11]
Overfull \hbox (3.16333pt too wide) in paragraph at lines 593--602
 [] 
 []


Overfull \hbox (3.16333pt too wide) in paragraph at lines 629--638
 [] 
 []

[12]
Overfull \hbox (3.16333pt too wide) in paragraph at lines 665--674
 [] 
 []


Overfull \hbox (3.16333pt too wide) in paragraph at lines 677--686
 [] 
 []

[13]
Overfull \hbox (3.16333pt too wide) in paragraph at lines 713--722
 [] 
 []


Overfull \hbox (3.16333pt too wide) in paragraph at lines 725--734
 [] 
 []

[14]
Overfull \hbox (3.16333pt too wide) in paragraph at lines 749--758
 [] 
 []


Overfull \hbox (7.07996pt too wide) in paragraph at lines 761--770
 [] 
 []


Overfull \hbox (3.16333pt too wide) in paragraph at lines 773--782
 [] 
 []


Overfull \hbox (3.16333pt too wide) in paragraph at lines 785--794
 [] 
 []

[15]
Overfull \hbox (3.16333pt too wide) in paragraph at lines 821--830
 [] 
 []


Overfull \hbox (3.16333pt too wide) in paragraph at lines 833--842
 [] 
 []

[16]
Overfull \hbox (3.16333pt too wide) in paragraph at lines 857--866
 [] 
 []


Overfull \hbox (3.16333pt too wide) in paragraph at lines 869--878
 [] 
 []

[17]
Overfull \hbox (9.03827pt too wide) in paragraph at lines 893--902
 [] 
 []


Overfull \hbox (3.16333pt too wide) in paragraph at lines 905--914
 [] 
 []


Overfull \hbox (3.16333pt too wide) in paragraph at lines 929--938
 [] 
 []

[18]
Overfull \hbox (3.16333pt too wide) in paragraph at lines 941--950
 [] 
 []


Overfull \hbox (7.07996pt too wide) in paragraph at lines 953--962
 [] 
 []


Overfull \hbox (3.16333pt too wide) in paragraph at lines 977--986
 [] 
 []

[19]
Overfull \hbox (3.16333pt too wide) in paragraph at lines 989--998
 [] 
 []


Overfull \hbox (3.16333pt too wide) in paragraph at lines 1001--1010
 [] 
 []


Overfull \hbox (3.16333pt too wide) in paragraph at lines 1013--1022
 [] 
 []

[20]
Overfull \hbox (3.16333pt too wide) in paragraph at lines 1037--1046
 [] 
 []


Overfull \hbox (7.07996pt too wide) in paragraph at lines 1061--1070
 [] 
 []

[21]
Overfull \hbox (3.16333pt too wide) in paragraph at lines 1085--1094
 [] 
 []


Overfull \hbox (3.16333pt too wide) in paragraph at lines 1097--1106
 [] 
 []


Overfull \hbox (3.16333pt too wide) in paragraph at lines 1121--1130
 [] 
 []

[22] [23]
Overfull \hbox (3.16333pt too wide) in paragraph at lines 1181--1190
 [] 
 []


Overfull \hbox (3.16333pt too wide) in paragraph at lines 1193--1202
 [] 
 []


Overfull \hbox (3.16333pt too wide) in paragraph at lines 1205--1214
 [] 
 []

[24]
Overfull \hbox (3.16333pt too wide) in paragraph at lines 1253--1262
 [] 
 []


Overfull \hbox (3.16333pt too wide) in paragraph at lines 1277--1286
 [] 
 []

[25]
Overfull \hbox (3.16333pt too wide) in paragraph at lines 1289--1298
 [] 
 []


Overfull \hbox (3.16333pt too wide) in paragraph at lines 1301--1310
 [] 
 []


Overfull \hbox (3.16333pt too wide) in paragraph at lines 1313--1322
 [] 
 []


Overfull \hbox (3.16333pt too wide) in paragraph at lines 1325--1334
 [] 
 []

[26]
Overfull \hbox (3.16333pt too wide) in paragraph at lines 1337--1346
 [] 
 []


Overfull \hbox (3.16333pt too wide) in paragraph at lines 1349--1358
 [] 
 []


Overfull \hbox (3.16333pt too wide) in paragraph at lines 1361--1370
 [] 
 []


Overfull \hbox (3.16333pt too wide) in paragraph at lines 1373--1382
 [] 
 []

[27] [28]
Overfull \hbox (3.16333pt too wide) in paragraph at lines 1433--1442
 [] 
 []


Overfull \hbox (7.07996pt too wide) in paragraph at lines 1457--1466
 [] 
 []


Overfull \hbox (3.16333pt too wide) in paragraph at lines 1469--1478
 [] 
 []

[29]
Overfull \hbox (3.16333pt too wide) in paragraph at lines 1517--1526
 [] 
 []


Overfull \hbox (7.07996pt too wide) in paragraph at lines 1529--1538
 [] 
 []

[30]
Overfull \hbox (3.16333pt too wide) in paragraph at lines 1541--1550
 [] 
 []


Overfull \hbox (3.16333pt too wide) in paragraph at lines 1553--1562
 [] 
 []


Overfull \hbox (3.16333pt too wide) in paragraph at lines 1565--1574
 [] 
 []


Overfull \hbox (7.07996pt too wide) in paragraph at lines 1577--1586
 [] 
 []

[31]
Overfull \hbox (3.16333pt too wide) in paragraph at lines 1589--1598
 [] 
 []


Overfull \hbox (7.07996pt too wide) in paragraph at lines 1601--1610
 [] 
 []


Overfull \hbox (3.16333pt too wide) in paragraph at lines 1613--1622
 [] 
 []


Overfull \hbox (3.16333pt too wide) in paragraph at lines 1625--1634
 [] 
 []

[32]
Overfull \hbox (7.07996pt too wide) in paragraph at lines 1637--1646
 [] 
 []

[33]
Overfull \hbox (7.07996pt too wide) in paragraph at lines 1697--1706
 [] 
 []


Overfull \hbox (3.16333pt too wide) in paragraph at lines 1709--1718
 [] 
 []

[34]
Overfull \hbox (7.07996pt too wide) in paragraph at lines 1733--1742
 [] 
 []


Overfull \hbox (3.16333pt too wide) in paragraph at lines 1757--1766
 [] 
 []


Overfull \hbox (3.16333pt too wide) in paragraph at lines 1769--1778
 [] 
 []

[35]
Overfull \hbox (3.16333pt too wide) in paragraph at lines 1781--1790
 [] 
 []


Overfull \hbox (3.16333pt too wide) in paragraph at lines 1793--1802
 [] 
 []

[36]
Overfull \hbox (3.16333pt too wide) in paragraph at lines 1841--1850
 [] 
 []


Overfull \hbox (3.16333pt too wide) in paragraph at lines 1853--1862
 [] 
 []


Overfull \hbox (3.16333pt too wide) in paragraph at lines 1865--1874
 [] 
 []

[37]
Overfull \hbox (7.07996pt too wide) in paragraph at lines 1877--1886
 [] 
 []


Overfull \hbox (3.16333pt too wide) in paragraph at lines 1889--1898
 [] 
 []


Overfull \hbox (7.07996pt too wide) in paragraph at lines 1901--1910
 [] 
 []

[38]
Overfull \hbox (3.16333pt too wide) in paragraph at lines 1937--1946
 [] 
 []


Overfull \hbox (7.07996pt too wide) in paragraph at lines 1949--1958
 [] 
 []

[39]
Overfull \hbox (7.07996pt too wide) in paragraph at lines 1973--1982
 [] 
 []


Overfull \hbox (7.07996pt too wide) in paragraph at lines 1985--1994
 [] 
 []


Overfull \hbox (7.07996pt too wide) in paragraph at lines 1997--2006
 [] 
 []


Overfull \hbox (3.16333pt too wide) in paragraph at lines 2009--2018
 [] 
 []

[40]
Overfull \hbox (7.07996pt too wide) in paragraph at lines 2021--2030
 [] 
 []


Overfull \hbox (3.16333pt too wide) in paragraph at lines 2033--2042
 [] 
 []


Overfull \hbox (3.16333pt too wide) in paragraph at lines 2045--2054
 [] 
 []


Overfull \hbox (3.16333pt too wide) in paragraph at lines 2057--2066
 [] 
 []

[41]
Overfull \hbox (7.07996pt too wide) in paragraph at lines 2105--2114
 [] 
 []

[42]
Overfull \hbox (3.16333pt too wide) in paragraph at lines 2117--2126
 [] 
 []


Overfull \hbox (12.9549pt too wide) in paragraph at lines 2129--2138
 [] 
 []


Overfull \hbox (3.16333pt too wide) in paragraph at lines 2153--2162
 [] 
 []

[43]
Overfull \hbox (3.16333pt too wide) in paragraph at lines 2165--2174
 [] 
 []


Overfull \hbox (3.16333pt too wide) in paragraph at lines 2189--2198
 [] 
 []


Overfull \hbox (3.16333pt too wide) in paragraph at lines 2201--2210
 [] 
 []

[44]
Overfull \hbox (3.16333pt too wide) in paragraph at lines 2213--2222
 [] 
 []


Overfull \hbox (3.16333pt too wide) in paragraph at lines 2237--2246
 [] 
 []

[45]
Overfull \hbox (7.07996pt too wide) in paragraph at lines 2273--2282
 [] 
 []


Overfull \hbox (3.16333pt too wide) in paragraph at lines 2285--2294
 [] 
 []


Overfull \hbox (3.16333pt too wide) in paragraph at lines 2297--2306
 [] 
 []

[46]
Overfull \hbox (7.07996pt too wide) in paragraph at lines 2309--2318
 [] 
 []


Overfull \hbox (7.07996pt too wide) in paragraph at lines 2321--2330
 [] 
 []


Overfull \hbox (7.07996pt too wide) in paragraph at lines 2333--2342
 [] 
 []

[47]
Overfull \hbox (3.16333pt too wide) in paragraph at lines 2357--2366
 [] 
 []


Overfull \hbox (3.16333pt too wide) in paragraph at lines 2369--2378
 [] 
 []


Overfull \hbox (3.16333pt too wide) in paragraph at lines 2393--2402
 [] 
 []

[48]
Overfull \hbox (7.07996pt too wide) in paragraph at lines 2405--2414
 [] 
 []


Overfull \hbox (7.07996pt too wide) in paragraph at lines 2417--2426
 [] 
 []


Overfull \hbox (7.07996pt too wide) in paragraph at lines 2429--2438
 [] 
 []


Overfull \hbox (7.07996pt too wide) in paragraph at lines 2441--2450
 [] 
 []

[49]
Overfull \hbox (3.16333pt too wide) in paragraph at lines 2453--2462
 [] 
 []


Overfull \hbox (3.16333pt too wide) in paragraph at lines 2465--2474
 [] 
 []


Overfull \hbox (7.07996pt too wide) in paragraph at lines 2477--2486
 [] 
 []


Overfull \hbox (3.16333pt too wide) in paragraph at lines 2489--2498
 [] 
 []

[50]
Overfull \hbox (3.16333pt too wide) in paragraph at lines 2501--2510
 [] 
 []


Overfull \hbox (3.16333pt too wide) in paragraph at lines 2513--2522
 [] 
 []


Overfull \hbox (3.16333pt too wide) in paragraph at lines 2525--2534
 [] 
 []


Overfull \hbox (3.16333pt too wide) in paragraph at lines 2537--2546
 [] 
 []

[51]
Overfull \hbox (7.07996pt too wide) in paragraph at lines 2549--2558
 [] 
 []


Overfull \hbox (3.16333pt too wide) in paragraph at lines 2561--2570
 [] 
 []


Overfull \hbox (7.07996pt too wide) in paragraph at lines 2573--2582
 [] 
 []


Overfull \hbox (7.07996pt too wide) in paragraph at lines 2585--2594
 [] 
 []

[52]
Overfull \hbox (7.07996pt too wide) in paragraph at lines 2597--2606
 [] 
 []


Overfull \hbox (7.07996pt too wide) in paragraph at lines 2609--2618
 [] 
 []


Overfull \hbox (3.16333pt too wide) in paragraph at lines 2633--2642
 [] 
 []

[53]
Overfull \hbox (7.07996pt too wide) in paragraph at lines 2645--2654
 [] 
 []


Overfull \hbox (7.07996pt too wide) in paragraph at lines 2657--2666
 [] 
 []


Overfull \hbox (3.16333pt too wide) in paragraph at lines 2681--2690
 [] 
 []

[54]
Overfull \hbox (3.16333pt too wide) in paragraph at lines 2693--2702
 [] 
 []


Overfull \hbox (7.07996pt too wide) in paragraph at lines 2705--2714
 [] 
 []


Overfull \hbox (7.07996pt too wide) in paragraph at lines 2717--2726
 [] 
 []


Overfull \hbox (7.07996pt too wide) in paragraph at lines 2729--2738
 [] 
 []

[55]
Overfull \hbox (3.16333pt too wide) in paragraph at lines 2741--2750
 [] 
 []


Overfull \hbox (7.07996pt too wide) in paragraph at lines 2753--2762
 [] 
 []


Overfull \hbox (7.07996pt too wide) in paragraph at lines 2765--2774
 [] 
 []


Overfull \hbox (7.07996pt too wide) in paragraph at lines 2777--2786
 [] 
 []

[56]
Overfull \hbox (7.07996pt too wide) in paragraph at lines 2813--2822
 [] 
 []


Overfull \hbox (3.16333pt too wide) in paragraph at lines 2825--2834
 [] 
 []

[57]
Overfull \hbox (3.16333pt too wide) in paragraph at lines 2837--2846
 [] 
 []


Overfull \hbox (3.16333pt too wide) in paragraph at lines 2849--2858
 [] 
 []


Overfull \hbox (3.16333pt too wide) in paragraph at lines 2861--2870
 [] 
 []


Overfull \hbox (3.16333pt too wide) in paragraph at lines 2873--2882
 [] 
 []

[58]
Overfull \hbox (3.16333pt too wide) in paragraph at lines 2885--2894
 [] 
 []


Overfull \hbox (3.16333pt too wide) in paragraph at lines 2909--2918
 [] 
 []


Overfull \hbox (3.16333pt too wide) in paragraph at lines 2921--2930
 [] 
 []

[59]
Overfull \hbox (7.07996pt too wide) in paragraph at lines 2933--2942
 [] 
 []


Overfull \hbox (3.16333pt too wide) in paragraph at lines 2945--2954
 [] 
 []


Overfull \hbox (3.16333pt too wide) in paragraph at lines 2957--2966
 [] 
 []


Overfull \hbox (7.07996pt too wide) in paragraph at lines 2969--2978
 [] 
 []

[60]
Overfull \hbox (3.16333pt too wide) in paragraph at lines 2981--2990
 [] 
 []


Overfull \hbox (7.07996pt too wide) in paragraph at lines 2993--3002
 [] 
 []


Overfull \hbox (3.16333pt too wide) in paragraph at lines 3005--3014
 [] 
 []


Overfull \hbox (3.16333pt too wide) in paragraph at lines 3017--3026
 [] 
 []

[61]
Overfull \hbox (7.07996pt too wide) in paragraph at lines 3041--3050
 [] 
 []


Overfull \hbox (3.16333pt too wide) in paragraph at lines 3053--3062
 [] 
 []


Overfull \hbox (7.07996pt too wide) in paragraph at lines 3065--3074
 [] 
 []

[62]
Overfull \hbox (3.16333pt too wide) in paragraph at lines 3077--3086
 [] 
 []


Overfull \hbox (3.16333pt too wide) in paragraph at lines 3101--3110
 [] 
 []


Overfull \hbox (3.16333pt too wide) in paragraph at lines 3113--3122
 [] 
 []

[63]
Overfull \hbox (3.16333pt too wide) in paragraph at lines 3125--3134
 [] 
 []


Overfull \hbox (3.16333pt too wide) in paragraph at lines 3149--3158
 [] 
 []


Overfull \hbox (7.07996pt too wide) in paragraph at lines 3161--3170
 [] 
 []

[64]
Overfull \hbox (7.07996pt too wide) in paragraph at lines 3185--3194
 [] 
 []


Overfull \hbox (3.16333pt too wide) in paragraph at lines 3197--3206
 [] 
 []


Overfull \hbox (3.16333pt too wide) in paragraph at lines 3209--3218
 [] 
 []

[65]
Overfull \hbox (3.16333pt too wide) in paragraph at lines 3221--3230
 [] 
 []


Overfull \hbox (7.07996pt too wide) in paragraph at lines 3245--3254
 [] 
 []

[66]
Overfull \hbox (3.16333pt too wide) in paragraph at lines 3293--3302
 [] 
 []

[67]
Overfull \hbox (3.16333pt too wide) in paragraph at lines 3329--3338
 [] 
 []


Overfull \hbox (7.07996pt too wide) in paragraph at lines 3341--3350
 [] 
 []


Overfull \hbox (3.16333pt too wide) in paragraph at lines 3353--3362
 [] 
 []

[68]
Overfull \hbox (7.07996pt too wide) in paragraph at lines 3377--3386
 [] 
 []


Overfull \hbox (3.16333pt too wide) in paragraph at lines 3401--3410
 [] 
 []


Overfull \hbox (3.16333pt too wide) in paragraph at lines 3413--3422
 [] 
 []

[69]
Overfull \hbox (3.16333pt too wide) in paragraph at lines 3425--3434
 [] 
 []


Overfull \hbox (7.07996pt too wide) in paragraph at lines 3461--3470
 [] 
 []

[70] [71]
Overfull \hbox (3.16333pt too wide) in paragraph at lines 3521--3530
 [] 
 []


Overfull \hbox (3.16333pt too wide) in paragraph at lines 3545--3554
 [] 
 []


Overfull \hbox (7.07996pt too wide) in paragraph at lines 3569--3578
 [] 
 []

[72]
Overfull \hbox (7.07996pt too wide) in paragraph at lines 3581--3590
 [] 
 []


Overfull \hbox (3.16333pt too wide) in paragraph at lines 3593--3602
 [] 
 []


Overfull \hbox (3.16333pt too wide) in paragraph at lines 3605--3614
 [] 
 []


Overfull \hbox (3.16333pt too wide) in paragraph at lines 3617--3626
 [] 
 []

[73]
Overfull \hbox (3.16333pt too wide) in paragraph at lines 3629--3638
 [] 
 []


Overfull \hbox (3.16333pt too wide) in paragraph at lines 3641--3650
 [] 
 []


Overfull \hbox (7.07996pt too wide) in paragraph at lines 3653--3662
 [] 
 []


Overfull \hbox (3.16333pt too wide) in paragraph at lines 3665--3674
 [] 
 []

[74]
Overfull \hbox (3.16333pt too wide) in paragraph at lines 3677--3686
 [] 
 []


Overfull \hbox (3.16333pt too wide) in paragraph at lines 3689--3698
 [] 
 []


Overfull \hbox (3.16333pt too wide) in paragraph at lines 3713--3722
 [] 
 []

[75]
Overfull \hbox (7.07996pt too wide) in paragraph at lines 3725--3734
 [] 
 []


Overfull \hbox (3.16333pt too wide) in paragraph at lines 3737--3746
 [] 
 []

[76]
Overfull \hbox (7.07996pt too wide) in paragraph at lines 3773--3782
 [] 
 []


Overfull \hbox (3.16333pt too wide) in paragraph at lines 3797--3806
 [] 
 []


Overfull \hbox (7.07996pt too wide) in paragraph at lines 3809--3818
 [] 
 []

[77]
Overfull \hbox (3.16333pt too wide) in paragraph at lines 3833--3842
 [] 
 []


Overfull \hbox (3.16333pt too wide) in paragraph at lines 3857--3866
 [] 
 []

[78]
Overfull \hbox (3.16333pt too wide) in paragraph at lines 3869--3878
 [] 
 []


Overfull \hbox (3.16333pt too wide) in paragraph at lines 3893--3902
 [] 
 []

[79]
Overfull \hbox (3.16333pt too wide) in paragraph at lines 3917--3926
 [] 
 []


Overfull \hbox (3.16333pt too wide) in paragraph at lines 3929--3938
 [] 
 []


Overfull \hbox (3.16333pt too wide) in paragraph at lines 3941--3950
 [] 
 []


Overfull \hbox (7.07996pt too wide) in paragraph at lines 3953--3962
 [] 
 []

[80]
Overfull \hbox (7.07996pt too wide) in paragraph at lines 3965--3974
 [] 
 []


Overfull \hbox (3.16333pt too wide) in paragraph at lines 3977--3986
 [] 
 []

[81]
Overfull \hbox (7.07996pt too wide) in paragraph at lines 4025--4034
 [] 
 []


Overfull \hbox (3.16333pt too wide) in paragraph at lines 4037--4046
 [] 
 []


Overfull \hbox (3.16333pt too wide) in paragraph at lines 4049--4058
 [] 
 []

[82]
Overfull \hbox (3.16333pt too wide) in paragraph at lines 4061--4070
 [] 
 []


Overfull \hbox (3.16333pt too wide) in paragraph at lines 4073--4082
 [] 
 []


Overfull \hbox (7.07996pt too wide) in paragraph at lines 4085--4094
 [] 
 []


Overfull \hbox (3.16333pt too wide) in paragraph at lines 4097--4106
 [] 
 []

[83]
Overfull \hbox (7.07996pt too wide) in paragraph at lines 4133--4142
 [] 
 []


Overfull \hbox (3.16333pt too wide) in paragraph at lines 4145--4154
 [] 
 []

[84]
Overfull \hbox (7.07996pt too wide) in paragraph at lines 4157--4166
 [] 
 []


Overfull \hbox (3.16333pt too wide) in paragraph at lines 4169--4178
 [] 
 []


Overfull \hbox (3.16333pt too wide) in paragraph at lines 4181--4190
 [] 
 []

[85]
Overfull \hbox (7.07996pt too wide) in paragraph at lines 4217--4226
 [] 
 []


Overfull \hbox (7.07996pt too wide) in paragraph at lines 4229--4238
 [] 
 []


Overfull \hbox (3.16333pt too wide) in paragraph at lines 4241--4250
 [] 
 []

[86]
Overfull \hbox (3.16333pt too wide) in paragraph at lines 4253--4262
 [] 
 []


Overfull \hbox (3.16333pt too wide) in paragraph at lines 4265--4274
 [] 
 []


Overfull \hbox (3.16333pt too wide) in paragraph at lines 4277--4286
 [] 
 []


Overfull \hbox (3.16333pt too wide) in paragraph at lines 4289--4298
 [] 
 []

[87]
Overfull \hbox (3.16333pt too wide) in paragraph at lines 4301--4310
 [] 
 []


Overfull \hbox (3.16333pt too wide) in paragraph at lines 4313--4322
 [] 
 []


Overfull \hbox (7.07996pt too wide) in paragraph at lines 4325--4334
 [] 
 []


Overfull \hbox (3.16333pt too wide) in paragraph at lines 4337--4346
 [] 
 []

[88]
Overfull \hbox (3.16333pt too wide) in paragraph at lines 4349--4358
 [] 
 []


Overfull \hbox (3.16333pt too wide) in paragraph at lines 4361--4370
 [] 
 []


Overfull \hbox (3.16333pt too wide) in paragraph at lines 4373--4382
 [] 
 []


Overfull \hbox (7.07996pt too wide) in paragraph at lines 4385--4394
 [] 
 []

[89]
Overfull \hbox (7.07996pt too wide) in paragraph at lines 4397--4406
 [] 
 []

[90]
Overfull \hbox (7.07996pt too wide) in paragraph at lines 4445--4454
 [] 
 []


Overfull \hbox (3.16333pt too wide) in paragraph at lines 4457--4466
 [] 
 []


Overfull \hbox (3.16333pt too wide) in paragraph at lines 4481--4490
 [] 
 []

[91]
Overfull \hbox (3.16333pt too wide) in paragraph at lines 4493--4502
 [] 
 []


Overfull \hbox (7.07996pt too wide) in paragraph at lines 4505--4514
 [] 
 []


Overfull \hbox (7.07996pt too wide) in paragraph at lines 4529--4538
 [] 
 []

[92]
Overfull \hbox (7.07996pt too wide) in paragraph at lines 4541--4550
 [] 
 []


Overfull \hbox (3.16333pt too wide) in paragraph at lines 4577--4586
 [] 
 []

[93]
Overfull \hbox (3.16333pt too wide) in paragraph at lines 4589--4598
 [] 
 []

[94]
Overfull \hbox (7.07996pt too wide) in paragraph at lines 4637--4646
 [] 
 []


Overfull \hbox (3.16333pt too wide) in paragraph at lines 4649--4658
 [] 
 []


Overfull \hbox (7.07996pt too wide) in paragraph at lines 4661--4670
 [] 
 []


Overfull \hbox (7.07996pt too wide) in paragraph at lines 4673--4682
 [] 
 []

[95]
Overfull \hbox (7.07996pt too wide) in paragraph at lines 4685--4694
 [] 
 []


Overfull \hbox (12.9549pt too wide) in paragraph at lines 4697--4706
 [] 
 []


Overfull \hbox (3.16333pt too wide) in paragraph at lines 4709--4718
 [] 
 []


Overfull \hbox (7.07996pt too wide) in paragraph at lines 4721--4730
 [] 
 []

[96]
Overfull \hbox (3.16333pt too wide) in paragraph at lines 4733--4742
 [] 
 []


Overfull \hbox (3.16333pt too wide) in paragraph at lines 4745--4754
 [] 
 []


Overfull \hbox (3.16333pt too wide) in paragraph at lines 4757--4766
 [] 
 []


Overfull \hbox (7.07996pt too wide) in paragraph at lines 4769--4778
 [] 
 []

[97]
Overfull \hbox (7.07996pt too wide) in paragraph at lines 4781--4790
 [] 
 []


Overfull \hbox (7.07996pt too wide) in paragraph at lines 4793--4802
 [] 
 []

[98]
Overfull \hbox (3.16333pt too wide) in paragraph at lines 4829--4838
 [] 
 []


Overfull \hbox (3.16333pt too wide) in paragraph at lines 4841--4850
 [] 
 []


Overfull \hbox (3.16333pt too wide) in paragraph at lines 4853--4862
 [] 
 []


Overfull \hbox (3.16333pt too wide) in paragraph at lines 4865--4874
 [] 
 []

[99]
Overfull \hbox (7.07996pt too wide) in paragraph at lines 4877--4886
 [] 
 []


Overfull \hbox (7.07996pt too wide) in paragraph at lines 4901--4910
 [] 
 []


Overfull \hbox (3.16333pt too wide) in paragraph at lines 4913--4922
 [] 
 []

[100]
Overfull \hbox (3.16333pt too wide) in paragraph at lines 4925--4934
 [] 
 []


Overfull \hbox (3.16333pt too wide) in paragraph at lines 4937--4946
 [] 
 []


Overfull \hbox (3.16333pt too wide) in paragraph at lines 4949--4958
 [] 
 []


Overfull \hbox (3.16333pt too wide) in paragraph at lines 4961--4970
 [] 
 []

[101]
Overfull \hbox (7.07996pt too wide) in paragraph at lines 4973--4982
 [] 
 []


Overfull \hbox (3.16333pt too wide) in paragraph at lines 4985--4994
 [] 
 []


Overfull \hbox (3.16333pt too wide) in paragraph at lines 4997--5006
 [] 
 []


Overfull \hbox (3.16333pt too wide) in paragraph at lines 5009--5018
 [] 
 []

[102]
Overfull \hbox (3.16333pt too wide) in paragraph at lines 5021--5030
 [] 
 []


Overfull \hbox (7.07996pt too wide) in paragraph at lines 5033--5042
 [] 
 []


Overfull \hbox (3.16333pt too wide) in paragraph at lines 5045--5054
 [] 
 []


Overfull \hbox (3.16333pt too wide) in paragraph at lines 5057--5066
 [] 
 []

[103]
Overfull \hbox (3.16333pt too wide) in paragraph at lines 5081--5090
 [] 
 []


Overfull \hbox (7.07996pt too wide) in paragraph at lines 5093--5102
 [] 
 []


Overfull \hbox (7.07996pt too wide) in paragraph at lines 5105--5114
 [] 
 []

[104]
Overfull \hbox (7.07996pt too wide) in paragraph at lines 5129--5138
 [] 
 []


Overfull \hbox (3.16333pt too wide) in paragraph at lines 5153--5162
 [] 
 []

[105]
Overfull \hbox (3.16333pt too wide) in paragraph at lines 5165--5174
 [] 
 []


Overfull \hbox (3.16333pt too wide) in paragraph at lines 5177--5186
 [] 
 []


Overfull \hbox (7.07996pt too wide) in paragraph at lines 5189--5198
 [] 
 []

[106]
Overfull \hbox (7.07996pt too wide) in paragraph at lines 5213--5222
 [] 
 []


Overfull \hbox (7.07996pt too wide) in paragraph at lines 5225--5234
 [] 
 []


Overfull \hbox (3.16333pt too wide) in paragraph at lines 5237--5246
 [] 
 []


Overfull \hbox (3.16333pt too wide) in paragraph at lines 5249--5258
 [] 
 []

[107]
Overfull \hbox (3.16333pt too wide) in paragraph at lines 5273--5282
 [] 
 []


Overfull \hbox (7.07996pt too wide) in paragraph at lines 5285--5294
 [] 
 []


Overfull \hbox (3.16333pt too wide) in paragraph at lines 5297--5306
 [] 
 []

[108]
Overfull \hbox (3.16333pt too wide) in paragraph at lines 5309--5318
 [] 
 []

[109]
Overfull \hbox (3.16333pt too wide) in paragraph at lines 5357--5366
 [] 
 []


Overfull \hbox (3.16333pt too wide) in paragraph at lines 5369--5378
 [] 
 []


Overfull \hbox (3.16333pt too wide) in paragraph at lines 5381--5390
 [] 
 []


Overfull \hbox (7.07996pt too wide) in paragraph at lines 5393--5402
 [] 
 []

[110]
Overfull \hbox (3.16333pt too wide) in paragraph at lines 5417--5426
 [] 
 []


Overfull \hbox (3.16333pt too wide) in paragraph at lines 5429--5438
 [] 
 []

[111]
Overfull \hbox (3.16333pt too wide) in paragraph at lines 5453--5462
 [] 
 []


Overfull \hbox (3.16333pt too wide) in paragraph at lines 5477--5486
 [] 
 []


Overfull \hbox (3.16333pt too wide) in paragraph at lines 5489--5498
 [] 
 []

[112]
Overfull \hbox (7.07996pt too wide) in paragraph at lines 5501--5510
 [] 
 []


Overfull \hbox (3.16333pt too wide) in paragraph at lines 5513--5522
 [] 
 []


Overfull \hbox (3.16333pt too wide) in paragraph at lines 5537--5546
 [] 
 []

[113]
Overfull \hbox (3.16333pt too wide) in paragraph at lines 5549--5558
 [] 
 []


Overfull \hbox (3.16333pt too wide) in paragraph at lines 5573--5582
 [] 
 []


Overfull \hbox (3.16333pt too wide) in paragraph at lines 5585--5594
 [] 
 []

[114]
Overfull \hbox (3.16333pt too wide) in paragraph at lines 5597--5606
 [] 
 []


Overfull \hbox (7.07996pt too wide) in paragraph at lines 5609--5618
 [] 
 []


Overfull \hbox (3.16333pt too wide) in paragraph at lines 5621--5630
 [] 
 []


Overfull \hbox (3.16333pt too wide) in paragraph at lines 5633--5642
 [] 
 []

[115]
Overfull \hbox (3.16333pt too wide) in paragraph at lines 5645--5654
 [] 
 []


Overfull \hbox (3.16333pt too wide) in paragraph at lines 5669--5678
 [] 
 []


Overfull \hbox (3.16333pt too wide) in paragraph at lines 5681--5690
 [] 
 []

[116]
Overfull \hbox (3.16333pt too wide) in paragraph at lines 5693--5702
 [] 
 []


Overfull \hbox (3.16333pt too wide) in paragraph at lines 5717--5726
 [] 
 []


Overfull \hbox (3.16333pt too wide) in paragraph at lines 5729--5738
 [] 
 []

[117]
Overfull \hbox (7.07996pt too wide) in paragraph at lines 5741--5750
 [] 
 []


Overfull \hbox (7.07996pt too wide) in paragraph at lines 5753--5762
 [] 
 []


Overfull \hbox (7.07996pt too wide) in paragraph at lines 5777--5786
 [] 
 []

[118]
Overfull \hbox (3.16333pt too wide) in paragraph at lines 5789--5798
 [] 
 []


Overfull \hbox (3.16333pt too wide) in paragraph at lines 5801--5810
 [] 
 []


Overfull \hbox (7.07996pt too wide) in paragraph at lines 5813--5822
 [] 
 []


Overfull \hbox (7.07996pt too wide) in paragraph at lines 5825--5834
 [] 
 []

[119]
Overfull \hbox (3.16333pt too wide) in paragraph at lines 5837--5846
 [] 
 []

[120]
Overfull \hbox (3.16333pt too wide) in paragraph at lines 5897--5906
 [] 
 []


Overfull \hbox (3.16333pt too wide) in paragraph at lines 5909--5918
 [] 
 []


Overfull \hbox (3.16333pt too wide) in paragraph at lines 5921--5930
 [] 
 []

[121]
Overfull \hbox (3.16333pt too wide) in paragraph at lines 5933--5942
 [] 
 []


Overfull \hbox (3.16333pt too wide) in paragraph at lines 5945--5954
 [] 
 []


Overfull \hbox (3.16333pt too wide) in paragraph at lines 5957--5966
 [] 
 []


Overfull \hbox (7.07996pt too wide) in paragraph at lines 5969--5978
 [] 
 []

[122]
Overfull \hbox (3.16333pt too wide) in paragraph at lines 5981--5990
 [] 
 []


Overfull \hbox (3.16333pt too wide) in paragraph at lines 5993--6002
 [] 
 []


Overfull \hbox (3.16333pt too wide) in paragraph at lines 6005--6014
 [] 
 []


Overfull \hbox (12.9549pt too wide) in paragraph at lines 6017--6026
 [] 
 []

[123]
Overfull \hbox (12.9549pt too wide) in paragraph at lines 6029--6038
 [] 
 []


Overfull \hbox (3.16333pt too wide) in paragraph at lines 6053--6062
 [] 
 []

[124]
Overfull \hbox (3.16333pt too wide) in paragraph at lines 6089--6098
 [] 
 []


Overfull \hbox (3.16333pt too wide) in paragraph at lines 6101--6110
 [] 
 []


Overfull \hbox (3.16333pt too wide) in paragraph at lines 6113--6122
 [] 
 []

[125]
Overfull \hbox (7.07996pt too wide) in paragraph at lines 6125--6134
 [] 
 []


Overfull \hbox (3.16333pt too wide) in paragraph at lines 6137--6146
 [] 
 []


Overfull \hbox (12.9549pt too wide) in paragraph at lines 6149--6158
 [] 
 []


Overfull \hbox (3.16333pt too wide) in paragraph at lines 6161--6170
 [] 
 []

[126]
Overfull \hbox (7.07996pt too wide) in paragraph at lines 6173--6182
 [] 
 []

[127]
Overfull \hbox (7.07996pt too wide) in paragraph at lines 6233--6242
 [] 
 []


Overfull \hbox (3.16333pt too wide) in paragraph at lines 6245--6254
 [] 
 []


Overfull \hbox (7.07996pt too wide) in paragraph at lines 6257--6266
 [] 
 []

[128]
Overfull \hbox (7.07996pt too wide) in paragraph at lines 6269--6278
 [] 
 []


Overfull \hbox (3.16333pt too wide) in paragraph at lines 6293--6302
 [] 
 []

[129]
Overfull \hbox (7.07996pt too wide) in paragraph at lines 6329--6338
 [] 
 []


Overfull \hbox (3.16333pt too wide) in paragraph at lines 6341--6350
 [] 
 []

[130]
Overfull \hbox (3.16333pt too wide) in paragraph at lines 6365--6374
 [] 
 []


Overfull \hbox (3.16333pt too wide) in paragraph at lines 6389--6398
 [] 
 []

[131]
Overfull \hbox (3.16333pt too wide) in paragraph at lines 6413--6422
 [] 
 []


Overfull \hbox (7.07996pt too wide) in paragraph at lines 6425--6434
 [] 
 []


Overfull \hbox (7.07996pt too wide) in paragraph at lines 6437--6446
 [] 
 []


Overfull \hbox (3.16333pt too wide) in paragraph at lines 6449--6458
 [] 
 []

[132]
Overfull \hbox (3.16333pt too wide) in paragraph at lines 6461--6470
 [] 
 []


Overfull \hbox (12.9549pt too wide) in paragraph at lines 6473--6482
 [] 
 []


Overfull \hbox (3.16333pt too wide) in paragraph at lines 6497--6506
 [] 
 []

[133]
Overfull \hbox (5.12164pt too wide) in paragraph at lines 6521--6530
 [] 
 []

[134]
Overfull \hbox (9.03827pt too wide) in paragraph at lines 6569--6578
 [] 
 []


Overfull \hbox (7.07996pt too wide) in paragraph at lines 6581--6590
 [] 
 []


Overfull \hbox (7.07996pt too wide) in paragraph at lines 6593--6602
 [] 
 []

[135]
Overfull \hbox (3.16333pt too wide) in paragraph at lines 6617--6626
 [] 
 []


Overfull \hbox (7.07996pt too wide) in paragraph at lines 6629--6638
 [] 
 []

[136]
Overfull \hbox (3.16333pt too wide) in paragraph at lines 6653--6662
 [] 
 []


Overfull \hbox (7.07996pt too wide) in paragraph at lines 6665--6674
 [] 
 []


Overfull \hbox (3.16333pt too wide) in paragraph at lines 6677--6686
 [] 
 []


Overfull \hbox (3.16333pt too wide) in paragraph at lines 6689--6698
 [] 
 []

[137]
Overfull \hbox (7.07996pt too wide) in paragraph at lines 6713--6722
 [] 
 []


Overfull \hbox (7.07996pt too wide) in paragraph at lines 6725--6734
 [] 
 []


Overfull \hbox (7.07996pt too wide) in paragraph at lines 6737--6746
 [] 
 []

[138]
Overfull \hbox (7.07996pt too wide) in paragraph at lines 6749--6758
 [] 
 []


Overfull \hbox (3.16333pt too wide) in paragraph at lines 6773--6782
 [] 
 []


Overfull \hbox (7.07996pt too wide) in paragraph at lines 6785--6794
 [] 
 []

[139]
Overfull \hbox (3.16333pt too wide) in paragraph at lines 6797--6806
 [] 
 []


Overfull \hbox (7.07996pt too wide) in paragraph at lines 6833--6842
 [] 
 []

[140]
Overfull \hbox (7.07996pt too wide) in paragraph at lines 6845--6854
 [] 
 []


Overfull \hbox (3.16333pt too wide) in paragraph at lines 6869--6878
 [] 
 []


Overfull \hbox (7.07996pt too wide) in paragraph at lines 6881--6890
 [] 
 []

[141]
Overfull \hbox (7.07996pt too wide) in paragraph at lines 6893--6902
 [] 
 []


Overfull \hbox (3.16333pt too wide) in paragraph at lines 6905--6914
 [] 
 []


Overfull \hbox (3.16333pt too wide) in paragraph at lines 6917--6926
 [] 
 []


Overfull \hbox (3.16333pt too wide) in paragraph at lines 6929--6938
 [] 
 []

[142]
Overfull \hbox (3.16333pt too wide) in paragraph at lines 6941--6950
 [] 
 []


Overfull \hbox (3.16333pt too wide) in paragraph at lines 6953--6962
 [] 
 []


Overfull \hbox (3.16333pt too wide) in paragraph at lines 6965--6974
 [] 
 []


Overfull \hbox (3.16333pt too wide) in paragraph at lines 6977--6986
 [] 
 []

[143]
Overfull \hbox (3.16333pt too wide) in paragraph at lines 7001--7010
 [] 
 []


Overfull \hbox (3.16333pt too wide) in paragraph at lines 7025--7034
 [] 
 []

[144]
Overfull \hbox (7.07996pt too wide) in paragraph at lines 7061--7070
 [] 
 []


Overfull \hbox (3.16333pt too wide) in paragraph at lines 7073--7082
 [] 
 []

[145]
Overfull \hbox (3.16333pt too wide) in paragraph at lines 7085--7094
 [] 
 []


Overfull \hbox (3.16333pt too wide) in paragraph at lines 7097--7106
 [] 
 []


Overfull \hbox (7.07996pt too wide) in paragraph at lines 7109--7118
 [] 
 []


Overfull \hbox (7.07996pt too wide) in paragraph at lines 7121--7130
 [] 
 []

[146]
Overfull \hbox (7.07996pt too wide) in paragraph at lines 7133--7142
 [] 
 []


Overfull \hbox (7.07996pt too wide) in paragraph at lines 7145--7154
 [] 
 []


Overfull \hbox (7.07996pt too wide) in paragraph at lines 7157--7166
 [] 
 []

[147]
Overfull \hbox (7.07996pt too wide) in paragraph at lines 7193--7202
 [] 
 []


Overfull \hbox (7.07996pt too wide) in paragraph at lines 7217--7226
 [] 
 []

[148]
Overfull \hbox (3.16333pt too wide) in paragraph at lines 7241--7250
 [] 
 []


Overfull \hbox (7.07996pt too wide) in paragraph at lines 7265--7274
 [] 
 []

[149]
Overfull \hbox (3.16333pt too wide) in paragraph at lines 7301--7310
 [] 
 []


Overfull \hbox (3.16333pt too wide) in paragraph at lines 7313--7322
 [] 
 []

[150]
Overfull \hbox (3.16333pt too wide) in paragraph at lines 7349--7358
 [] 
 []


Overfull \hbox (7.07996pt too wide) in paragraph at lines 7361--7370
 [] 
 []

[151]
Overfull \hbox (7.07996pt too wide) in paragraph at lines 7373--7382
 [] 
 []


Overfull \hbox (3.16333pt too wide) in paragraph at lines 7409--7418
 [] 
 []

[152]
Overfull \hbox (7.07996pt too wide) in paragraph at lines 7421--7430
 [] 
 []


Overfull \hbox (7.07996pt too wide) in paragraph at lines 7433--7442
 [] 
 []


Overfull \hbox (3.16333pt too wide) in paragraph at lines 7445--7454
 [] 
 []


Overfull \hbox (7.07996pt too wide) in paragraph at lines 7457--7466
 [] 
 []

[153]
Overfull \hbox (3.16333pt too wide) in paragraph at lines 7469--7478
 [] 
 []


Overfull \hbox (3.16333pt too wide) in paragraph at lines 7481--7490
 [] 
 []


Overfull \hbox (3.16333pt too wide) in paragraph at lines 7493--7502
 [] 
 []

[154]
Overfull \hbox (7.07996pt too wide) in paragraph at lines 7517--7526
 [] 
 []


Overfull \hbox (3.16333pt too wide) in paragraph at lines 7541--7550
 [] 
 []


Overfull \hbox (3.16333pt too wide) in paragraph at lines 7553--7562
 [] 
 []

[155]
Overfull \hbox (3.16333pt too wide) in paragraph at lines 7565--7574
 [] 
 []


Overfull \hbox (3.16333pt too wide) in paragraph at lines 7577--7586
 [] 
 []


Overfull \hbox (3.16333pt too wide) in paragraph at lines 7601--7610
 [] 
 []

[156]
Overfull \hbox (3.16333pt too wide) in paragraph at lines 7625--7634
 [] 
 []


Overfull \hbox (7.07996pt too wide) in paragraph at lines 7637--7646
 [] 
 []

[157]
Overfull \hbox (3.16333pt too wide) in paragraph at lines 7673--7682
 [] 
 []


Overfull \hbox (3.16333pt too wide) in paragraph at lines 7685--7694
 [] 
 []


Overfull \hbox (3.16333pt too wide) in paragraph at lines 7697--7706
 [] 
 []

[158]
Overfull \hbox (3.16333pt too wide) in paragraph at lines 7709--7718
 [] 
 []


Overfull \hbox (3.16333pt too wide) in paragraph at lines 7721--7730
 [] 
 []


Overfull \hbox (3.16333pt too wide) in paragraph at lines 7733--7742
 [] 
 []


Overfull \hbox (7.07996pt too wide) in paragraph at lines 7745--7754
 [] 
 []

[159]
Overfull \hbox (7.07996pt too wide) in paragraph at lines 7757--7766
 [] 
 []


Overfull \hbox (7.07996pt too wide) in paragraph at lines 7769--7778
 [] 
 []


Overfull \hbox (3.16333pt too wide) in paragraph at lines 7781--7790
 [] 
 []


Overfull \hbox (3.16333pt too wide) in paragraph at lines 7793--7802
 [] 
 []

[160]
Overfull \hbox (7.07996pt too wide) in paragraph at lines 7817--7826
 [] 
 []


Overfull \hbox (5.12164pt too wide) in paragraph at lines 7829--7838
 [] 
 []

[161]
Overfull \hbox (7.07996pt too wide) in paragraph at lines 7853--7862
 [] 
 []


Overfull \hbox (3.16333pt too wide) in paragraph at lines 7865--7874
 [] 
 []


Overfull \hbox (3.16333pt too wide) in paragraph at lines 7877--7886
 [] 
 []


Overfull \hbox (3.16333pt too wide) in paragraph at lines 7889--7898
 [] 
 []

[162]
Overfull \hbox (7.07996pt too wide) in paragraph at lines 7901--7910
 [] 
 []


Overfull \hbox (3.16333pt too wide) in paragraph at lines 7913--7922
 [] 
 []

[163]
Overfull \hbox (7.07996pt too wide) in paragraph at lines 7949--7958
 [] 
 []


Overfull \hbox (3.16333pt too wide) in paragraph at lines 7961--7970
 [] 
 []


Overfull \hbox (3.16333pt too wide) in paragraph at lines 7973--7982
 [] 
 []


Overfull \hbox (3.16333pt too wide) in paragraph at lines 7985--7994
 [] 
 []

[164] [165]
Overfull \hbox (3.16333pt too wide) in paragraph at lines 8057--8066
 [] 
 []

[166]
Overfull \hbox (3.16333pt too wide) in paragraph at lines 8105--8114
 [] 
 []

[167]
Overfull \hbox (7.07996pt too wide) in paragraph at lines 8153--8162
 [] 
 []


Overfull \hbox (3.16333pt too wide) in paragraph at lines 8165--8174
 [] 
 []


Overfull \hbox (3.16333pt too wide) in paragraph at lines 8177--8186
 [] 
 []


Overfull \hbox (3.16333pt too wide) in paragraph at lines 8189--8198
 [] 
 []


Overfull \hbox (3.16333pt too wide) in paragraph at lines 8201--8210
 [] 
 []

[168]
Overfull \hbox (7.07996pt too wide) in paragraph at lines 8213--8222
 [] 
 []


Overfull \hbox (3.16333pt too wide) in paragraph at lines 8225--8234
 [] 
 []


Overfull \hbox (7.07996pt too wide) in paragraph at lines 8237--8246
 [] 
 []

[169]
Overfull \hbox (7.07996pt too wide) in paragraph at lines 8273--8282
 [] 
 []


Overfull \hbox (3.16333pt too wide) in paragraph at lines 8297--8306
 [] 
 []

[170]
Overfull \hbox (3.16333pt too wide) in paragraph at lines 8309--8318
 [] 
 []


Overfull \hbox (3.16333pt too wide) in paragraph at lines 8321--8330
 [] 
 []


Overfull \hbox (3.16333pt too wide) in paragraph at lines 8333--8342
 [] 
 []

[171]
Overfull \hbox (3.16333pt too wide) in paragraph at lines 8357--8366
 [] 
 []


Overfull \hbox (3.16333pt too wide) in paragraph at lines 8369--8378
 [] 
 []


Overfull \hbox (3.16333pt too wide) in paragraph at lines 8393--8402
 [] 
 []

[172]
Overfull \hbox (3.16333pt too wide) in paragraph at lines 8405--8414
 [] 
 []


Overfull \hbox (3.16333pt too wide) in paragraph at lines 8417--8426
 [] 
 []


Overfull \hbox (7.07996pt too wide) in paragraph at lines 8429--8438
 [] 
 []


Overfull \hbox (7.07996pt too wide) in paragraph at lines 8441--8450
 [] 
 []

[173]
Overfull \hbox (7.07996pt too wide) in paragraph at lines 8453--8462
 [] 
 []


Overfull \hbox (3.16333pt too wide) in paragraph at lines 8465--8474
 [] 
 []

[174]
Overfull \hbox (3.16333pt too wide) in paragraph at lines 8501--8510
 [] 
 []


Overfull \hbox (7.07996pt too wide) in paragraph at lines 8513--8522
 [] 
 []


Overfull \hbox (3.16333pt too wide) in paragraph at lines 8525--8534
 [] 
 []


Overfull \hbox (3.16333pt too wide) in paragraph at lines 8537--8546
 [] 
 []

[175]
Overfull \hbox (3.16333pt too wide) in paragraph at lines 8549--8558
 [] 
 []


Overfull \hbox (3.16333pt too wide) in paragraph at lines 8573--8582
 [] 
 []


Overfull \hbox (3.16333pt too wide) in paragraph at lines 8585--8594
 [] 
 []

[176]
Overfull \hbox (14.91321pt too wide) in paragraph at lines 8597--8606
 [] 
 []


Overfull \hbox (3.16333pt too wide) in paragraph at lines 8609--8618
 [] 
 []


Overfull \hbox (7.07996pt too wide) in paragraph at lines 8621--8630
 [] 
 []

[177]
Overfull \hbox (3.16333pt too wide) in paragraph at lines 8645--8654
 [] 
 []


Overfull \hbox (7.07996pt too wide) in paragraph at lines 8657--8666
 [] 
 []


Overfull \hbox (7.07996pt too wide) in paragraph at lines 8669--8678
 [] 
 []


Overfull \hbox (3.16333pt too wide) in paragraph at lines 8681--8690
 [] 
 []

[178]
Overfull \hbox (3.16333pt too wide) in paragraph at lines 8693--8702
 [] 
 []


Overfull \hbox (7.07996pt too wide) in paragraph at lines 8705--8714
 [] 
 []


Overfull \hbox (7.07996pt too wide) in paragraph at lines 8717--8726
 [] 
 []

[179]
Overfull \hbox (3.16333pt too wide) in paragraph at lines 8741--8750
 [] 
 []


Overfull \hbox (3.16333pt too wide) in paragraph at lines 8765--8774
 [] 
 []


Overfull \hbox (7.07996pt too wide) in paragraph at lines 8777--8786
 [] 
 []

[180]
Overfull \hbox (3.16333pt too wide) in paragraph at lines 8789--8798
 [] 
 []


Overfull \hbox (7.07996pt too wide) in paragraph at lines 8801--8810
 [] 
 []

[181]
Overfull \hbox (7.07996pt too wide) in paragraph at lines 8849--8858
 [] 
 []


Overfull \hbox (3.16333pt too wide) in paragraph at lines 8861--8870
 [] 
 []


Overfull \hbox (12.9549pt too wide) in paragraph at lines 8873--8882
 [] 
 []

[182]
Overfull \hbox (7.07996pt too wide) in paragraph at lines 8885--8894
 [] 
 []


Overfull \hbox (7.07996pt too wide) in paragraph at lines 8897--8906
 [] 
 []


Overfull \hbox (3.16333pt too wide) in paragraph at lines 8909--8918
 [] 
 []


Overfull \hbox (3.16333pt too wide) in paragraph at lines 8921--8930
 [] 
 []

[183]
Overfull \hbox (7.07996pt too wide) in paragraph at lines 8957--8966
 [] 
 []


Overfull \hbox (7.07996pt too wide) in paragraph at lines 8969--8978
 [] 
 []

[184]
Overfull \hbox (7.07996pt too wide) in paragraph at lines 8981--8990
 [] 
 []


Overfull \hbox (7.07996pt too wide) in paragraph at lines 8993--9002
 [] 
 []


Overfull \hbox (7.07996pt too wide) in paragraph at lines 9005--9014
 [] 
 []


Overfull \hbox (3.16333pt too wide) in paragraph at lines 9017--9026
 [] 
 []

[185]
Overfull \hbox (3.16333pt too wide) in paragraph at lines 9029--9038
 [] 
 []


Overfull \hbox (3.16333pt too wide) in paragraph at lines 9053--9062
 [] 
 []


Overfull \hbox (3.16333pt too wide) in paragraph at lines 9065--9074
 [] 
 []

[186]
Overfull \hbox (3.16333pt too wide) in paragraph at lines 9077--9086
 [] 
 []


Overfull \hbox (3.16333pt too wide) in paragraph at lines 9089--9098
 [] 
 []


Overfull \hbox (3.16333pt too wide) in paragraph at lines 9101--9110
 [] 
 []


Overfull \hbox (3.16333pt too wide) in paragraph at lines 9113--9122
 [] 
 []

[187]
Overfull \hbox (3.16333pt too wide) in paragraph at lines 9125--9134
 [] 
 []


Overfull \hbox (7.07996pt too wide) in paragraph at lines 9137--9146
 [] 
 []


Overfull \hbox (3.16333pt too wide) in paragraph at lines 9149--9158
 [] 
 []


Overfull \hbox (3.16333pt too wide) in paragraph at lines 9161--9170
 [] 
 []

[188]
Overfull \hbox (3.16333pt too wide) in paragraph at lines 9209--9218
 [] 
 []

[189]
Overfull \hbox (3.16333pt too wide) in paragraph at lines 9221--9230
 [] 
 []


Overfull \hbox (7.07996pt too wide) in paragraph at lines 9233--9242
 [] 
 []


Overfull \hbox (7.07996pt too wide) in paragraph at lines 9245--9254
 [] 
 []


Overfull \hbox (3.16333pt too wide) in paragraph at lines 9257--9266
 [] 
 []

[190]
Overfull \hbox (7.07996pt too wide) in paragraph at lines 9269--9278
 [] 
 []


Overfull \hbox (7.07996pt too wide) in paragraph at lines 9281--9290
 [] 
 []


Overfull \hbox (7.07996pt too wide) in paragraph at lines 9293--9302
 [] 
 []


Overfull \hbox (7.07996pt too wide) in paragraph at lines 9305--9314
 [] 
 []

[191]
Overfull \hbox (3.16333pt too wide) in paragraph at lines 9317--9326
 [] 
 []


Overfull \hbox (12.9549pt too wide) in paragraph at lines 9341--9350
 [] 
 []


Overfull \hbox (7.07996pt too wide) in paragraph at lines 9353--9362
 [] 
 []

[192]
Overfull \hbox (3.16333pt too wide) in paragraph at lines 9365--9374
 [] 
 []


Overfull \hbox (3.16333pt too wide) in paragraph at lines 9401--9410
 [] 
 []

[193]
Overfull \hbox (7.07996pt too wide) in paragraph at lines 9425--9434
 [] 
 []


Overfull \hbox (7.07996pt too wide) in paragraph at lines 9437--9446
 [] 
 []

[194]
Overfull \hbox (7.07996pt too wide) in paragraph at lines 9461--9470
 [] 
 []

[195]
Overfull \hbox (7.07996pt too wide) in paragraph at lines 9509--9518
 [] 
 []


Overfull \hbox (7.07996pt too wide) in paragraph at lines 9521--9530
 [] 
 []


Overfull \hbox (3.16333pt too wide) in paragraph at lines 9533--9542
 [] 
 []


Overfull \hbox (3.16333pt too wide) in paragraph at lines 9545--9554
 [] 
 []


Overfull \hbox (12.9549pt too wide) in paragraph at lines 9557--9566
 [] 
 []

[196]
Overfull \hbox (7.07996pt too wide) in paragraph at lines 9569--9578
 [] 
 []


Overfull \hbox (3.16333pt too wide) in paragraph at lines 9581--9590
 [] 
 []


Overfull \hbox (3.16333pt too wide) in paragraph at lines 9593--9602
 [] 
 []


Overfull \hbox (12.9549pt too wide) in paragraph at lines 9605--9614
 [] 
 []

[197]
Overfull \hbox (7.07996pt too wide) in paragraph at lines 9617--9626
 [] 
 []


Overfull \hbox (3.16333pt too wide) in paragraph at lines 9629--9638
 [] 
 []


Overfull \hbox (3.16333pt too wide) in paragraph at lines 9641--9650
 [] 
 []


Overfull \hbox (3.16333pt too wide) in paragraph at lines 9653--9662
 [] 
 []

[198]
Overfull \hbox (3.16333pt too wide) in paragraph at lines 9677--9686
 [] 
 []


Overfull \hbox (3.16333pt too wide) in paragraph at lines 9689--9698
 [] 
 []


Overfull \hbox (3.16333pt too wide) in paragraph at lines 9701--9710
 [] 
 []

[199]
Overfull \hbox (3.16333pt too wide) in paragraph at lines 9713--9722
 [] 
 []


Overfull \hbox (7.07996pt too wide) in paragraph at lines 9725--9734
 [] 
 []


Overfull \hbox (7.07996pt too wide) in paragraph at lines 9737--9746
 [] 
 []


Overfull \hbox (3.16333pt too wide) in paragraph at lines 9749--9758
 [] 
 []

[200]
Overfull \hbox (3.16333pt too wide) in paragraph at lines 9761--9770
 [] 
 []


Overfull \hbox (3.16333pt too wide) in paragraph at lines 9773--9782
 [] 
 []


Overfull \hbox (3.16333pt too wide) in paragraph at lines 9785--9794
 [] 
 []


Overfull \hbox (3.16333pt too wide) in paragraph at lines 9797--9806
 [] 
 []

[201]
Overfull \hbox (3.16333pt too wide) in paragraph at lines 9809--9818
 [] 
 []


Overfull \hbox (7.07996pt too wide) in paragraph at lines 9821--9830
 [] 
 []


Overfull \hbox (7.07996pt too wide) in paragraph at lines 9833--9842
 [] 
 []

[202]
Overfull \hbox (3.16333pt too wide) in paragraph at lines 9881--9890
 [] 
 []

[203] [204]
Overfull \hbox (3.16333pt too wide) in paragraph at lines 9977--9986
 [] 
 []


Overfull \hbox (3.16333pt too wide) in paragraph at lines 9989--9998
 [] 
 []


Overfull \hbox (7.07996pt too wide) in paragraph at lines 10001--10010
 [] 
 []

[205]
Overfull \hbox (7.07996pt too wide) in paragraph at lines 10013--10022
 [] 
 []


Overfull \hbox (3.16333pt too wide) in paragraph at lines 10025--10034
 [] 
 []


Overfull \hbox (3.16333pt too wide) in paragraph at lines 10037--10046
 [] 
 []


Overfull \hbox (3.16333pt too wide) in paragraph at lines 10049--10058
 [] 
 []

[206]
Overfull \hbox (3.16333pt too wide) in paragraph at lines 10061--10070
 [] 
 []


Overfull \hbox (7.07996pt too wide) in paragraph at lines 10073--10082
 [] 
 []

[207]
Overfull \hbox (7.07996pt too wide) in paragraph at lines 10121--10130
 [] 
 []


Overfull \hbox (7.07996pt too wide) in paragraph at lines 10133--10142
 [] 
 []


Overfull \hbox (7.07996pt too wide) in paragraph at lines 10145--10154
 [] 
 []

[208]
Overfull \hbox (7.07996pt too wide) in paragraph at lines 10169--10178
 [] 
 []


Overfull \hbox (3.16333pt too wide) in paragraph at lines 10181--10190
 [] 
 []


Overfull \hbox (3.16333pt too wide) in paragraph at lines 10193--10202
 [] 
 []

[209]
Overfull \hbox (3.16333pt too wide) in paragraph at lines 10217--10226
 [] 
 []


Overfull \hbox (3.16333pt too wide) in paragraph at lines 10229--10238
 [] 
 []


Overfull \hbox (3.16333pt too wide) in paragraph at lines 10241--10250
 [] 
 []

[210]
Overfull \hbox (3.16333pt too wide) in paragraph at lines 10253--10262
 [] 
 []

[211]
Overfull \hbox (3.16333pt too wide) in paragraph at lines 10301--10310
 [] 
 []


Overfull \hbox (7.07996pt too wide) in paragraph at lines 10337--10346
 [] 
 []

[212]
Overfull \hbox (7.07996pt too wide) in paragraph at lines 10349--10358
 [] 
 []


Overfull \hbox (7.07996pt too wide) in paragraph at lines 10361--10370
 [] 
 []


Overfull \hbox (3.16333pt too wide) in paragraph at lines 10373--10382
 [] 
 []


Overfull \hbox (7.07996pt too wide) in paragraph at lines 10385--10394
 [] 
 []

[213]
Overfull \hbox (7.07996pt too wide) in paragraph at lines 10397--10406
 [] 
 []


Overfull \hbox (3.16333pt too wide) in paragraph at lines 10421--10430
 [] 
 []


Overfull \hbox (3.16333pt too wide) in paragraph at lines 10433--10442
 [] 
 []

[214]
Overfull \hbox (7.07996pt too wide) in paragraph at lines 10457--10466
 [] 
 []


Overfull \hbox (7.07996pt too wide) in paragraph at lines 10469--10478
 [] 
 []

[215]
Overfull \hbox (7.07996pt too wide) in paragraph at lines 10493--10502
 [] 
 []


Overfull \hbox (7.07996pt too wide) in paragraph at lines 10505--10514
 [] 
 []


Overfull \hbox (7.07996pt too wide) in paragraph at lines 10517--10526
 [] 
 []

[216]
Overfull \hbox (3.16333pt too wide) in paragraph at lines 10541--10550
 [] 
 []

[217]
Overfull \hbox (3.16333pt too wide) in paragraph at lines 10601--10610
 [] 
 []


Overfull \hbox (5.12164pt too wide) in paragraph at lines 10613--10622
 [] 
 []

[218]
Overfull \hbox (3.16333pt too wide) in paragraph at lines 10661--10670
 [] 
 []


Overfull \hbox (3.16333pt too wide) in paragraph at lines 10673--10682
 [] 
 []

[219]
Overfull \hbox (3.16333pt too wide) in paragraph at lines 10697--10706
 [] 
 []


Overfull \hbox (3.16333pt too wide) in paragraph at lines 10709--10718
 [] 
 []


Overfull \hbox (7.07996pt too wide) in paragraph at lines 10721--10730
 [] 
 []

[220] [221]
Overfull \hbox (7.07996pt too wide) in paragraph at lines 10829--10838
 [] 
 []


Overfull \hbox (7.07996pt too wide) in paragraph at lines 10841--10850
 [] 
 []

[222]
Overfull \hbox (7.07996pt too wide) in paragraph at lines 10853--10862
 [] 
 []


Overfull \hbox (3.16333pt too wide) in paragraph at lines 10865--10874
 [] 
 []


Overfull \hbox (3.16333pt too wide) in paragraph at lines 10877--10886
 [] 
 []


Overfull \hbox (3.16333pt too wide) in paragraph at lines 10889--10898
 [] 
 []

[223]
Overfull \hbox (3.16333pt too wide) in paragraph at lines 10901--10910
 [] 
 []


Overfull \hbox (3.16333pt too wide) in paragraph at lines 10913--10922
 [] 
 []


Overfull \hbox (12.9549pt too wide) in paragraph at lines 10937--10946
 [] 
 []

[224]
Overfull \hbox (3.16333pt too wide) in paragraph at lines 10949--10958
 [] 
 []

[225]
Overfull \hbox (7.07996pt too wide) in paragraph at lines 11009--11018
 [] 
 []


Overfull \hbox (7.07996pt too wide) in paragraph at lines 11021--11030
 [] 
 []


Overfull \hbox (7.07996pt too wide) in paragraph at lines 11033--11042
 [] 
 []

[226]
Overfull \hbox (9.03827pt too wide) in paragraph at lines 11045--11054
 [] 
 []


Overfull \hbox (3.16333pt too wide) in paragraph at lines 11057--11066
 [] 
 []


Overfull \hbox (3.16333pt too wide) in paragraph at lines 11069--11078
 [] 
 []


Overfull \hbox (3.16333pt too wide) in paragraph at lines 11081--11090
 [] 
 []

[227]
Overfull \hbox (7.07996pt too wide) in paragraph at lines 11105--11114
 [] 
 []


Overfull \hbox (3.16333pt too wide) in paragraph at lines 11117--11126
 [] 
 []

[228]
Overfull \hbox (3.16333pt too wide) in paragraph at lines 11141--11150
 [] 
 []


Overfull \hbox (12.9549pt too wide) in paragraph at lines 11177--11186
 [] 
 []

[229]
Overfull \hbox (3.16333pt too wide) in paragraph at lines 11201--11210
 [] 
 []


Overfull \hbox (3.16333pt too wide) in paragraph at lines 11213--11222
 [] 
 []


Overfull \hbox (3.16333pt too wide) in paragraph at lines 11225--11234
 [] 
 []

[230]
Overfull \hbox (3.16333pt too wide) in paragraph at lines 11249--11258
 [] 
 []


Overfull \hbox (3.16333pt too wide) in paragraph at lines 11273--11282
 [] 
 []

[231]
Overfull \hbox (9.03827pt too wide) in paragraph at lines 11285--11294
 [] 
 []


Overfull \hbox (7.07996pt too wide) in paragraph at lines 11297--11306
 [] 
 []


Overfull \hbox (3.16333pt too wide) in paragraph at lines 11309--11318
 [] 
 []


Overfull \hbox (14.91321pt too wide) in paragraph at lines 11321--11330
 [] 
 []

[232]
Overfull \hbox (12.9549pt too wide) in paragraph at lines 11333--11342
 [] 
 []


Overfull \hbox (12.9549pt too wide) in paragraph at lines 11345--11354
 [] 
 []


Overfull \hbox (7.07996pt too wide) in paragraph at lines 11357--11366
 [] 
 []


Overfull \hbox (3.16333pt too wide) in paragraph at lines 11369--11378
 [] 
 []

[233]
Overfull \hbox (7.07996pt too wide) in paragraph at lines 11381--11390
 [] 
 []


Overfull \hbox (7.07996pt too wide) in paragraph at lines 11393--11402
 [] 
 []


Overfull \hbox (3.16333pt too wide) in paragraph at lines 11405--11414
 [] 
 []


Overfull \hbox (7.07996pt too wide) in paragraph at lines 11417--11426
 [] 
 []

[234]
Overfull \hbox (7.07996pt too wide) in paragraph at lines 11429--11438
 [] 
 []


Overfull \hbox (7.07996pt too wide) in paragraph at lines 11441--11450
 [] 
 []


Overfull \hbox (3.16333pt too wide) in paragraph at lines 11465--11474
 [] 
 []

[235]
Overfull \hbox (3.16333pt too wide) in paragraph at lines 11477--11486
 [] 
 []


Overfull \hbox (7.07996pt too wide) in paragraph at lines 11489--11498
 [] 
 []


Overfull \hbox (7.07996pt too wide) in paragraph at lines 11501--11510
 [] 
 []


Overfull \hbox (3.16333pt too wide) in paragraph at lines 11513--11522
 [] 
 []

[236]
Overfull \hbox (3.16333pt too wide) in paragraph at lines 11525--11534
 [] 
 []


Overfull \hbox (3.16333pt too wide) in paragraph at lines 11537--11546
 [] 
 []


Overfull \hbox (7.07996pt too wide) in paragraph at lines 11549--11558
 [] 
 []


Overfull \hbox (7.07996pt too wide) in paragraph at lines 11561--11570
 [] 
 []

[237]
Overfull \hbox (7.07996pt too wide) in paragraph at lines 11573--11582
 [] 
 []


Overfull \hbox (3.16333pt too wide) in paragraph at lines 11585--11594
 [] 
 []


Overfull \hbox (3.16333pt too wide) in paragraph at lines 11597--11606
 [] 
 []


Overfull \hbox (3.16333pt too wide) in paragraph at lines 11609--11618
 [] 
 []

[238]
Overfull \hbox (7.07996pt too wide) in paragraph at lines 11621--11630
 [] 
 []


Overfull \hbox (3.16333pt too wide) in paragraph at lines 11633--11642
 [] 
 []


Overfull \hbox (7.07996pt too wide) in paragraph at lines 11645--11654
 [] 
 []


Overfull \hbox (3.16333pt too wide) in paragraph at lines 11657--11666
 [] 
 []

[239]
Overfull \hbox (3.16333pt too wide) in paragraph at lines 11669--11678
 [] 
 []


Overfull \hbox (3.16333pt too wide) in paragraph at lines 11681--11690
 [] 
 []


Overfull \hbox (3.16333pt too wide) in paragraph at lines 11693--11702
 [] 
 []


Overfull \hbox (3.16333pt too wide) in paragraph at lines 11705--11714
 [] 
 []

[240]
Overfull \hbox (7.07996pt too wide) in paragraph at lines 11717--11726
 [] 
 []


Overfull \hbox (3.16333pt too wide) in paragraph at lines 11729--11738
 [] 
 []


Overfull \hbox (7.07996pt too wide) in paragraph at lines 11753--11762
 [] 
 []

[241]
Overfull \hbox (7.07996pt too wide) in paragraph at lines 11765--11774
 [] 
 []


Overfull \hbox (5.12164pt too wide) in paragraph at lines 11789--11798
 [] 
 []


Overfull \hbox (5.12164pt too wide) in paragraph at lines 11801--11810
 [] 
 []

[242]
Overfull \hbox (7.07996pt too wide) in paragraph at lines 11837--11846
 [] 
 []

[243]
Overfull \hbox (7.07996pt too wide) in paragraph at lines 11861--11870
 [] 
 []


Overfull \hbox (7.07996pt too wide) in paragraph at lines 11873--11882
 [] 
 []


Overfull \hbox (3.16333pt too wide) in paragraph at lines 11885--11894
 [] 
 []


Overfull \hbox (7.07996pt too wide) in paragraph at lines 11897--11906
 [] 
 []

[244]
Overfull \hbox (7.07996pt too wide) in paragraph at lines 11909--11918
 [] 
 []


Overfull \hbox (3.16333pt too wide) in paragraph at lines 11945--11954
 [] 
 []

[245]
Overfull \hbox (3.16333pt too wide) in paragraph at lines 11957--11966
 [] 
 []


Overfull \hbox (7.07996pt too wide) in paragraph at lines 11981--11990
 [] 
 []


Overfull \hbox (3.16333pt too wide) in paragraph at lines 11993--12002
 [] 
 []

[246]
Overfull \hbox (7.07996pt too wide) in paragraph at lines 12005--12014
 [] 
 []


Overfull \hbox (3.16333pt too wide) in paragraph at lines 12017--12026
 [] 
 []


Overfull \hbox (7.07996pt too wide) in paragraph at lines 12029--12038
 [] 
 []

[247]
Overfull \hbox (3.16333pt too wide) in paragraph at lines 12053--12062
 [] 
 []


Overfull \hbox (3.16333pt too wide) in paragraph at lines 12089--12098
 [] 
 []

[248]
Overfull \hbox (3.16333pt too wide) in paragraph at lines 12101--12110
 [] 
 []


Overfull \hbox (3.16333pt too wide) in paragraph at lines 12113--12122
 [] 
 []


Overfull \hbox (3.16333pt too wide) in paragraph at lines 12125--12134
 [] 
 []


Overfull \hbox (3.16333pt too wide) in paragraph at lines 12137--12146
 [] 
 []

[249]
Overfull \hbox (3.16333pt too wide) in paragraph at lines 12149--12158
 [] 
 []


Overfull \hbox (7.07996pt too wide) in paragraph at lines 12173--12182
 [] 
 []


Overfull \hbox (3.16333pt too wide) in paragraph at lines 12185--12194
 [] 
 []

[250]
Overfull \hbox (7.07996pt too wide) in paragraph at lines 12197--12206
 [] 
 []


Overfull \hbox (3.16333pt too wide) in paragraph at lines 12221--12230
 [] 
 []


Overfull \hbox (3.16333pt too wide) in paragraph at lines 12233--12242
 [] 
 []

[251]
Overfull \hbox (3.16333pt too wide) in paragraph at lines 12245--12254
 [] 
 []


Overfull \hbox (3.16333pt too wide) in paragraph at lines 12257--12266
 [] 
 []


Overfull \hbox (3.16333pt too wide) in paragraph at lines 12269--12278
 [] 
 []


Overfull \hbox (3.16333pt too wide) in paragraph at lines 12281--12290
 [] 
 []

[252]
Overfull \hbox (7.07996pt too wide) in paragraph at lines 12293--12302
 [] 
 []


Overfull \hbox (7.07996pt too wide) in paragraph at lines 12305--12314
 [] 
 []


Overfull \hbox (7.07996pt too wide) in paragraph at lines 12317--12326
 [] 
 []

[253]
Overfull \hbox (3.16333pt too wide) in paragraph at lines 12341--12350
 [] 
 []


Overfull \hbox (3.16333pt too wide) in paragraph at lines 12353--12362
 [] 
 []


Overfull \hbox (3.16333pt too wide) in paragraph at lines 12365--12374
 [] 
 []

[254]
Overfull \hbox (7.07996pt too wide) in paragraph at lines 12389--12398
 [] 
 []


Overfull \hbox (7.07996pt too wide) in paragraph at lines 12401--12410
 [] 
 []


Overfull \hbox (7.07996pt too wide) in paragraph at lines 12425--12434
 [] 
 []

[255]
Overfull \hbox (3.16333pt too wide) in paragraph at lines 12449--12458
 [] 
 []


Overfull \hbox (3.16333pt too wide) in paragraph at lines 12461--12470
 [] 
 []


Overfull \hbox (3.16333pt too wide) in paragraph at lines 12473--12482
 [] 
 []

[256]
Overfull \hbox (3.16333pt too wide) in paragraph at lines 12497--12506
 [] 
 []


Overfull \hbox (3.16333pt too wide) in paragraph at lines 12509--12518
 [] 
 []


Overfull \hbox (7.07996pt too wide) in paragraph at lines 12521--12530
 [] 
 []

[257]
Overfull \hbox (7.07996pt too wide) in paragraph at lines 12533--12542
 [] 
 []


Overfull \hbox (3.16333pt too wide) in paragraph at lines 12557--12566
 [] 
 []


Overfull \hbox (3.16333pt too wide) in paragraph at lines 12569--12578
 [] 
 []

[258]
Overfull \hbox (3.16333pt too wide) in paragraph at lines 12605--12614
 [] 
 []


Overfull \hbox (7.07996pt too wide) in paragraph at lines 12617--12626
 [] 
 []

[259]
Overfull \hbox (3.16333pt too wide) in paragraph at lines 12629--12638
 [] 
 []


Overfull \hbox (3.16333pt too wide) in paragraph at lines 12641--12650
 [] 
 []


Overfull \hbox (7.07996pt too wide) in paragraph at lines 12653--12662
 [] 
 []


Overfull \hbox (7.07996pt too wide) in paragraph at lines 12665--12674
 [] 
 []

[260]
Overfull \hbox (12.9549pt too wide) in paragraph at lines 12677--12686
 [] 
 []


Overfull \hbox (7.07996pt too wide) in paragraph at lines 12701--12710
 [] 
 []


Overfull \hbox (12.9549pt too wide) in paragraph at lines 12713--12722
 [] 
 []

[261]
Overfull \hbox (5.12164pt too wide) in paragraph at lines 12749--12758
 [] 
 []

[262]
Overfull \hbox (5.12164pt too wide) in paragraph at lines 12773--12782
 [] 
 []


Overfull \hbox (3.16333pt too wide) in paragraph at lines 12785--12794
 [] 
 []


Overfull \hbox (3.16333pt too wide) in paragraph at lines 12809--12818
 [] 
 []

[263]
Overfull \hbox (3.16333pt too wide) in paragraph at lines 12821--12830
 [] 
 []


Overfull \hbox (3.16333pt too wide) in paragraph at lines 12833--12842
 [] 
 []


Overfull \hbox (3.16333pt too wide) in paragraph at lines 12857--12866
 [] 
 []

[264]
Overfull \hbox (7.07996pt too wide) in paragraph at lines 12869--12878
 [] 
 []


Overfull \hbox (3.16333pt too wide) in paragraph at lines 12905--12914
 [] 
 []

[265]
Overfull \hbox (7.07996pt too wide) in paragraph at lines 12917--12926
 [] 
 []


Overfull \hbox (3.16333pt too wide) in paragraph at lines 12929--12938
 [] 
 []


Overfull \hbox (7.07996pt too wide) in paragraph at lines 12953--12962
 [] 
 []

[266]
Overfull \hbox (3.16333pt too wide) in paragraph at lines 12965--12974
 [] 
 []


Overfull \hbox (3.16333pt too wide) in paragraph at lines 12977--12986
 [] 
 []


Overfull \hbox (3.16333pt too wide) in paragraph at lines 12989--12998
 [] 
 []


Overfull \hbox (3.16333pt too wide) in paragraph at lines 13001--13010
 [] 
 []

[267]
Overfull \hbox (7.07996pt too wide) in paragraph at lines 13013--13022
 [] 
 []


Overfull \hbox (3.16333pt too wide) in paragraph at lines 13025--13034
 [] 
 []


Overfull \hbox (7.07996pt too wide) in paragraph at lines 13037--13046
 [] 
 []


Overfull \hbox (3.16333pt too wide) in paragraph at lines 13049--13058
 [] 
 []

[268]
Overfull \hbox (3.16333pt too wide) in paragraph at lines 13061--13070
 [] 
 []


Overfull \hbox (3.16333pt too wide) in paragraph at lines 13097--13106
 [] 
 []

[269]
Overfull \hbox (3.16333pt too wide) in paragraph at lines 13109--13118
 [] 
 []


Overfull \hbox (3.16333pt too wide) in paragraph at lines 13121--13130
 [] 
 []

[270]
Overfull \hbox (7.07996pt too wide) in paragraph at lines 13181--13190
 [] 
 []


Overfull \hbox (7.07996pt too wide) in paragraph at lines 13193--13202
 [] 
 []

[271]
Overfull \hbox (7.07996pt too wide) in paragraph at lines 13205--13214
 [] 
 []


Overfull \hbox (3.16333pt too wide) in paragraph at lines 13217--13226
 [] 
 []


Overfull \hbox (3.16333pt too wide) in paragraph at lines 13241--13250
 [] 
 []

[272]
Overfull \hbox (3.16333pt too wide) in paragraph at lines 13289--13298
 [] 
 []

[273]
Overfull \hbox (7.07996pt too wide) in paragraph at lines 13301--13310
 [] 
 []


Overfull \hbox (3.16333pt too wide) in paragraph at lines 13325--13334
 [] 
 []

[274]
Overfull \hbox (3.16333pt too wide) in paragraph at lines 13349--13358
 [] 
 []


Overfull \hbox (3.16333pt too wide) in paragraph at lines 13361--13370
 [] 
 []


Overfull \hbox (3.16333pt too wide) in paragraph at lines 13373--13382
 [] 
 []

[275]
Overfull \hbox (3.16333pt too wide) in paragraph at lines 13409--13418
 [] 
 []


Overfull \hbox (7.07996pt too wide) in paragraph at lines 13421--13430
 [] 
 []


Overfull \hbox (7.07996pt too wide) in paragraph at lines 13433--13442
 [] 
 []

[276]
Overfull \hbox (12.9549pt too wide) in paragraph at lines 13445--13454
 [] 
 []


Overfull \hbox (7.07996pt too wide) in paragraph at lines 13457--13466
 [] 
 []


Overfull \hbox (5.12164pt too wide) in paragraph at lines 13469--13478
 [] 
 []


Overfull \hbox (7.07996pt too wide) in paragraph at lines 13481--13490
 [] 
 []

[277]
Overfull \hbox (9.03827pt too wide) in paragraph at lines 13493--13502
 [] 
 []


Overfull \hbox (3.16333pt too wide) in paragraph at lines 13505--13514
 [] 
 []


Overfull \hbox (3.16333pt too wide) in paragraph at lines 13517--13526
 [] 
 []


Overfull \hbox (3.16333pt too wide) in paragraph at lines 13529--13538
 [] 
 []

[278]
Overfull \hbox (3.16333pt too wide) in paragraph at lines 13553--13562
 [] 
 []

[279]
Overfull \hbox (3.16333pt too wide) in paragraph at lines 13589--13598
 [] 
 []


Overfull \hbox (3.16333pt too wide) in paragraph at lines 13613--13622
 [] 
 []


Overfull \hbox (7.07996pt too wide) in paragraph at lines 13625--13634
 [] 
 []

[280]
Overfull \hbox (3.16333pt too wide) in paragraph at lines 13637--13646
 [] 
 []


Overfull \hbox (3.16333pt too wide) in paragraph at lines 13649--13658
 [] 
 []


Overfull \hbox (7.07996pt too wide) in paragraph at lines 13661--13670
 [] 
 []


Overfull \hbox (3.16333pt too wide) in paragraph at lines 13673--13682
 [] 
 []

[281]
Overfull \hbox (3.16333pt too wide) in paragraph at lines 13685--13694
 [] 
 []


Overfull \hbox (9.03827pt too wide) in paragraph at lines 13697--13706
 [] 
 []


Overfull \hbox (3.16333pt too wide) in paragraph at lines 13709--13718
 [] 
 []


Overfull \hbox (3.16333pt too wide) in paragraph at lines 13721--13730
 [] 
 []

[282]
Overfull \hbox (3.16333pt too wide) in paragraph at lines 13733--13742
 [] 
 []


Overfull \hbox (3.16333pt too wide) in paragraph at lines 13745--13754
 [] 
 []


Overfull \hbox (7.07996pt too wide) in paragraph at lines 13757--13766
 [] 
 []


Overfull \hbox (7.07996pt too wide) in paragraph at lines 13769--13778
 [] 
 []

[283]
Overfull \hbox (7.07996pt too wide) in paragraph at lines 13781--13790
 [] 
 []


Overfull \hbox (12.9549pt too wide) in paragraph at lines 13793--13802
 [] 
 []


Overfull \hbox (20.78815pt too wide) in paragraph at lines 13805--13814
 [] 
 []


Overfull \hbox (3.16333pt too wide) in paragraph at lines 13817--13826
 [] 
 []

[284]
Overfull \hbox (7.07996pt too wide) in paragraph at lines 13829--13838
 [] 
 []


Overfull \hbox (3.16333pt too wide) in paragraph at lines 13841--13850
 [] 
 []


Overfull \hbox (7.07996pt too wide) in paragraph at lines 13853--13862
 [] 
 []


Overfull \hbox (7.07996pt too wide) in paragraph at lines 13865--13874
 [] 
 []

[285]
Overfull \hbox (7.07996pt too wide) in paragraph at lines 13877--13886
 [] 
 []


Overfull \hbox (3.16333pt too wide) in paragraph at lines 13889--13898
 [] 
 []


Overfull \hbox (3.16333pt too wide) in paragraph at lines 13901--13910
 [] 
 []


Overfull \hbox (7.07996pt too wide) in paragraph at lines 13913--13922
 [] 
 []

[286]
Overfull \hbox (7.07996pt too wide) in paragraph at lines 13937--13946
 [] 
 []


Overfull \hbox (20.78815pt too wide) in paragraph at lines 13949--13958
 [] 
 []


Overfull \hbox (7.07996pt too wide) in paragraph at lines 13961--13970
 [] 
 []

[287]
Overfull \hbox (14.91321pt too wide) in paragraph at lines 13973--13982
 [] 
 []


Overfull \hbox (7.07996pt too wide) in paragraph at lines 13985--13994
 [] 
 []


Overfull \hbox (3.16333pt too wide) in paragraph at lines 13997--14006
 [] 
 []


Overfull \hbox (7.07996pt too wide) in paragraph at lines 14009--14018
 [] 
 []

[288]
Overfull \hbox (3.16333pt too wide) in paragraph at lines 14021--14030
 [] 
 []


Overfull \hbox (3.16333pt too wide) in paragraph at lines 14033--14042
 [] 
 []

[289]
Overfull \hbox (3.16333pt too wide) in paragraph at lines 14069--14078
 [] 
 []


Overfull \hbox (7.07996pt too wide) in paragraph at lines 14081--14090
 [] 
 []


Overfull \hbox (7.07996pt too wide) in paragraph at lines 14093--14102
 [] 
 []


Overfull \hbox (3.16333pt too wide) in paragraph at lines 14105--14114
 [] 
 []

[290]
Overfull \hbox (3.16333pt too wide) in paragraph at lines 14117--14126
 [] 
 []


Overfull \hbox (7.07996pt too wide) in paragraph at lines 14129--14138
 [] 
 []


Overfull \hbox (3.16333pt too wide) in paragraph at lines 14141--14150
 [] 
 []

[291]
Overfull \hbox (3.16333pt too wide) in paragraph at lines 14189--14198
 [] 
 []


Overfull \hbox (7.07996pt too wide) in paragraph at lines 14201--14210
 [] 
 []

[292]
Overfull \hbox (3.16333pt too wide) in paragraph at lines 14213--14222
 [] 
 []


Overfull \hbox (7.07996pt too wide) in paragraph at lines 14225--14234
 [] 
 []


Overfull \hbox (7.07996pt too wide) in paragraph at lines 14237--14246
 [] 
 []


Overfull \hbox (7.07996pt too wide) in paragraph at lines 14249--14258
 [] 
 []

[293]
Overfull \hbox (7.07996pt too wide) in paragraph at lines 14261--14270
 [] 
 []


Overfull \hbox (3.16333pt too wide) in paragraph at lines 14285--14294
 [] 
 []


Overfull \hbox (7.07996pt too wide) in paragraph at lines 14297--14306
 [] 
 []

[294]
Overfull \hbox (7.07996pt too wide) in paragraph at lines 14309--14318
 [] 
 []


Overfull \hbox (12.9549pt too wide) in paragraph at lines 14321--14330
 [] 
 []


Overfull \hbox (7.07996pt too wide) in paragraph at lines 14333--14342
 [] 
 []


Overfull \hbox (3.16333pt too wide) in paragraph at lines 14345--14354
 [] 
 []

[295]
Overfull \hbox (3.16333pt too wide) in paragraph at lines 14357--14366
 [] 
 []


Overfull \hbox (5.12164pt too wide) in paragraph at lines 14381--14390
 [] 
 []


Overfull \hbox (7.07996pt too wide) in paragraph at lines 14393--14402
 [] 
 []

[296]
Overfull \hbox (7.07996pt too wide) in paragraph at lines 14405--14414
 [] 
 []


Overfull \hbox (7.07996pt too wide) in paragraph at lines 14417--14426
 [] 
 []


Overfull \hbox (14.91321pt too wide) in paragraph at lines 14429--14438
 [] 
 []

[297]
Overfull \hbox (7.07996pt too wide) in paragraph at lines 14453--14462
 [] 
 []


Overfull \hbox (7.07996pt too wide) in paragraph at lines 14465--14474
 [] 
 []


Overfull \hbox (7.07996pt too wide) in paragraph at lines 14477--14486
 [] 
 []


Overfull \hbox (7.07996pt too wide) in paragraph at lines 14489--14498
 [] 
 []

[298]
Overfull \hbox (7.07996pt too wide) in paragraph at lines 14501--14510
 [] 
 []


Overfull \hbox (7.07996pt too wide) in paragraph at lines 14513--14522
 [] 
 []

[299]
Overfull \hbox (7.07996pt too wide) in paragraph at lines 14549--14558
 [] 
 []


Overfull \hbox (7.07996pt too wide) in paragraph at lines 14561--14570
 [] 
 []


Overfull \hbox (7.07996pt too wide) in paragraph at lines 14585--14594
 [] 
 []

[300]
Overfull \hbox (3.16333pt too wide) in paragraph at lines 14621--14630
 [] 
 []


Overfull \hbox (3.16333pt too wide) in paragraph at lines 14633--14642
 [] 
 []

[301]
Overfull \hbox (3.16333pt too wide) in paragraph at lines 14669--14678
 [] 
 []


Overfull \hbox (3.16333pt too wide) in paragraph at lines 14681--14690
 [] 
 []

[302]
Overfull \hbox (3.16333pt too wide) in paragraph at lines 14693--14702
 [] 
 []


Overfull \hbox (7.07996pt too wide) in paragraph at lines 14705--14714
 [] 
 []


Overfull \hbox (3.16333pt too wide) in paragraph at lines 14717--14726
 [] 
 []

[303]
Overfull \hbox (3.16333pt too wide) in paragraph at lines 14741--14750
 [] 
 []


Overfull \hbox (3.16333pt too wide) in paragraph at lines 14753--14762
 [] 
 []


Overfull \hbox (7.07996pt too wide) in paragraph at lines 14765--14774
 [] 
 []


Overfull \hbox (3.16333pt too wide) in paragraph at lines 14777--14786
 [] 
 []

[304]
Overfull \hbox (3.16333pt too wide) in paragraph at lines 14789--14798
 [] 
 []


Overfull \hbox (3.16333pt too wide) in paragraph at lines 14801--14810
 [] 
 []


Overfull \hbox (3.16333pt too wide) in paragraph at lines 14813--14822
 [] 
 []


Overfull \hbox (3.16333pt too wide) in paragraph at lines 14825--14834
 [] 
 []

[305]
Overfull \hbox (3.16333pt too wide) in paragraph at lines 14837--14846
 [] 
 []


Overfull \hbox (9.03827pt too wide) in paragraph at lines 14849--14858
 [] 
 []


Overfull \hbox (3.16333pt too wide) in paragraph at lines 14861--14870
 [] 
 []


Overfull \hbox (7.07996pt too wide) in paragraph at lines 14873--14882
 [] 
 []

[306]
Overfull \hbox (3.16333pt too wide) in paragraph at lines 14885--14894
 [] 
 []


Overfull \hbox (7.07996pt too wide) in paragraph at lines 14897--14906
 [] 
 []


Overfull \hbox (3.16333pt too wide) in paragraph at lines 14909--14918
 [] 
 []


Overfull \hbox (7.07996pt too wide) in paragraph at lines 14921--14930
 [] 
 []

[307]
Overfull \hbox (12.9549pt too wide) in paragraph at lines 14945--14954
 [] 
 []


Overfull \hbox (3.16333pt too wide) in paragraph at lines 14957--14966
 [] 
 []

[308] [309] [310]
Overfull \hbox (12.9549pt too wide) in paragraph at lines 15089--15098
 [] 
 []


Overfull \hbox (3.16333pt too wide) in paragraph at lines 15101--15110
 [] 
 []

[311]
Overfull \hbox (7.07996pt too wide) in paragraph at lines 15137--15146
 [] 
 []


Overfull \hbox (7.07996pt too wide) in paragraph at lines 15149--15158
 [] 
 []

[312]
Overfull \hbox (3.16333pt too wide) in paragraph at lines 15185--15194
 [] 
 []


Overfull \hbox (3.16333pt too wide) in paragraph at lines 15197--15206
 [] 
 []


Overfull \hbox (3.16333pt too wide) in paragraph at lines 15209--15218
 [] 
 []


Overfull \hbox (10.99658pt too wide) in paragraph at lines 15221--15230
 [] 
 []

[313]
Overfull \hbox (3.16333pt too wide) in paragraph at lines 15233--15242
 [] 
 []


Overfull \hbox (3.16333pt too wide) in paragraph at lines 15245--15254
 [] 
 []


Overfull \hbox (3.16333pt too wide) in paragraph at lines 15257--15266
 [] 
 []


Overfull \hbox (7.07996pt too wide) in paragraph at lines 15269--15278
 [] 
 []

[314]
Overfull \hbox (3.16333pt too wide) in paragraph at lines 15281--15290
 [] 
 []


Overfull \hbox (7.07996pt too wide) in paragraph at lines 15305--15314
 [] 
 []


Overfull \hbox (3.16333pt too wide) in paragraph at lines 15317--15326
 [] 
 []

[315]
Overfull \hbox (9.03827pt too wide) in paragraph at lines 15329--15338
 [] 
 []


Overfull \hbox (3.16333pt too wide) in paragraph at lines 15341--15350
 [] 
 []


Overfull \hbox (7.07996pt too wide) in paragraph at lines 15353--15362
 [] 
 []


Overfull \hbox (3.16333pt too wide) in paragraph at lines 15365--15374
 [] 
 []

[316]
Overfull \hbox (7.07996pt too wide) in paragraph at lines 15377--15386
 [] 
 []


Overfull \hbox (3.16333pt too wide) in paragraph at lines 15389--15398
 [] 
 []


Overfull \hbox (3.16333pt too wide) in paragraph at lines 15401--15410
 [] 
 []


Overfull \hbox (3.16333pt too wide) in paragraph at lines 15413--15422
 [] 
 []

[317]
Overfull \hbox (3.16333pt too wide) in paragraph at lines 15425--15434
 [] 
 []


Overfull \hbox (7.07996pt too wide) in paragraph at lines 15437--15446
 [] 
 []

[318] (./DataK55.aux) ) 
Here is how much of TeX's memory you used:
 1498 strings out of 492991
 18111 string characters out of 6135031
 86064 words of memory out of 5000000
 5064 multiletter control sequences out of 15000+600000
 8603 words of font info for 35 fonts, out of 8000000 for 9000
 1141 hyphenation exceptions out of 8191
 32i,6n,24p,220b,240s stack positions out of 5000i,500n,10000p,200000b,80000s

Output written on DataK55.dvi (318 pages, 1768028 bytes).
